[I]2025-06-05T11:59:01Z: Request to /PTS by ('127.0.0.1', 50723). Header: {'client_id': 'cddeb07e-467b-4587-8e77-78ca649f085b', 'packet_id': 'f9a83ad7-5f90-4939-8538-16d645f52bb4', 'is_com_setup': 'False', 'timestamp': '2025-06-05T09:59:01.164150+00:00', 'compressions': 'false'} Body: {"data": "12234"}

[I]2025-06-05T11:59:01Z: Request to /PTS by ('127.0.0.1', 50726). Header: {'client_id': 'cb2ffa51-c279-4bdc-9a8b-abd01a6af2d8', 'packet_id': '1a4ddf38-ab94-4320-86db-0e978b3a53f1', 'is_com_setup': 'False', 'timestamp': '2025-06-05T09:59:01.239659+00:00', 'compressions': 'false'} Body: {"data": "456"}

[I]2025-06-05T12:06:48Z: Request to /PTS by ('127.0.0.1', 51303). Header: {'client_id': '3b3c2c61-c6b7-4872-9fba-9c330d04af59', 'packet_id': '2fbf2c88-b676-4085-8d30-12e0f46b9cca', 'is_com_setup': 'False', 'timestamp': '2025-06-05T10:06:48.470035+00:00', 'compressions': 'false'} Body: {"data": "12234"}

[I]2025-06-05T12:06:48Z: Request to /PTS by ('127.0.0.1', 51306). Header: {'client_id': 'b03ab8e0-09e8-4a38-9194-dd0ed699f6a8', 'packet_id': '5a729149-a5af-4a28-b129-8fc2d5b1c52f', 'is_com_setup': 'False', 'timestamp': '2025-06-05T10:06:48.539230+00:00', 'compressions': 'false'} Body: {"data": "456"}

[I]2025-06-05T12:33:45Z: Failed to verify user 6dae533c-66cc-4cfc-868c-ada8d285f67f from ('127.0.0.1', 52669). Possible packet reuse
[I]2025-06-05T12:34:16Z: Request to /PTS by ('127.0.0.1', 52702). Header: {'client_id': '747f5556-906a-4c7d-ac88-54385d7043cc', 'packet_id': '1eb50bd0-c262-4dd7-aba4-a7f6e1ffbab4', 'is_com_setup': 'False', 'timestamp': '2025-06-05 10:34:16.691598+00:00', 'compressions': 'false'} Body: {"data": "12234"}

[I]2025-06-05T12:34:16Z: Request to /PTS by ('127.0.0.1', 52705). Header: {'client_id': '05c83ecf-8403-4244-b432-58d40ecb6221', 'packet_id': '95b9efc5-78bb-48ec-bb6d-34028662a25e', 'is_com_setup': 'False', 'timestamp': '2025-06-05 10:34:16.762090+00:00', 'compressions': 'false'} Body: {"data": "456"}

[I]2025-06-05T12:34:48Z: Failed to verify user f48f24cc-4f43-452e-b8d3-3ab7a68622eb from ('127.0.0.1', 52837). Possible packet reuse
[I]2025-06-06T05:47:06Z: Failed to verify user bc1b4525-bee5-4486-95e0-16b6818ed8d6 from ('127.0.0.1', 51068). Possible packet reuse
[I]2025-06-06T05:47:28Z: Request to /PTS by ('127.0.0.1', 51093). Header: {'client_id': '19fc2443-d938-49cf-ac81-943be47865f3', 'packet_id': '6b0ad924-229c-4034-96e5-f77f5190f2fe', 'is_com_setup': 'False', 'timestamp': '2025-06-06 03:47:28.799778+00:00', 'compressions': 'false'} Body: {"data": "12234"}

[I]2025-06-06T05:47:28Z: Request to /PTS by ('127.0.0.1', 51096). Header: {'client_id': 'c7751dc3-0a29-4f9a-ac29-8940a51bb8d5', 'packet_id': '4a3024e7-3845-4425-a268-e6b2e0b89c25', 'is_com_setup': 'False', 'timestamp': '2025-06-06 03:47:28.869783+00:00', 'compressions': 'false'} Body: {"data": "456"}

[I]2025-06-06T05:47:55Z: Request to /PTS by ('127.0.0.1', 51120). Header: {'client_id': 'ff5ec830-4fab-4998-8fce-2411df03a7a6', 'packet_id': '11aa7a08-6aa8-418a-82ab-fde076ec2ed2', 'is_com_setup': 'False', 'timestamp': '2025-06-06 03:47:55.098617+00:00', 'compressions': 'false'} Body: {"data": "12234"}

[I]2025-06-06T05:47:55Z: Request to /PTS by ('127.0.0.1', 51121). Header: {'client_id': 'ff5ec830-4fab-4998-8fce-2411df03a7a6', 'packet_id': '7f7b2366-1bb9-4e73-ac31-a6e053a23d2d', 'is_com_setup': 'False', 'timestamp': '2025-06-06 03:47:55.100616+00:00', 'compressions': 'false'} Body: 
[I]2025-06-06T05:47:55Z: Request to /PTS by ('127.0.0.1', 51124). Header: {'client_id': '487c42fb-aad8-4f43-ad55-fe36888f6367', 'packet_id': '7ea06ac3-05e9-4e1e-8d41-5a0fdfd0904d', 'is_com_setup': 'False', 'timestamp': '2025-06-06 03:47:55.169127+00:00', 'compressions': 'false'} Body: {"data": "456"}

[I]2025-06-06T05:48:37Z: Request to /hello-world by ('127.0.0.1', 51277). Header: {'client_id': '5dff6012-2a78-4858-8362-f79bd31faa59', 'packet_id': 'c75703cc-9fbb-4b84-8d1c-806b250a543d', 'is_com_setup': 'False', 'timestamp': '2025-06-06 03:48:37.658739+00:00', 'compressions': 'false'} Body: 
[I]2025-06-06T05:48:37Z: Request to /PTS by ('127.0.0.1', 51280). Header: {'client_id': 'f33fdb39-d72a-4c53-b10f-341a0b0939d7', 'packet_id': '32dded70-2853-41dd-aa82-53b76464cdba', 'is_com_setup': 'False', 'timestamp': '2025-06-06 03:48:37.728743+00:00', 'compressions': 'false'} Body: {"data": "456"}

[I]2025-06-11T06:01:36Z: Internal server error: 'bytes' object has no attribute 'get'
Traceback (most recent call last):
  File "C:\Users\Awesome Kuhn Family\Documents\Tristan\httpe\edoi\httpe_server.py", line 282, in _handle_client
    edoi_packet_type = data.get("type",None)
AttributeError: 'bytes' object has no attribute 'get'
[I]2025-06-11T06:03:41Z: Internal server error: 'bytes' object has no attribute 'get'
Traceback (most recent call last):
  File "C:\Users\Awesome Kuhn Family\Documents\Tristan\httpe\edoi\httpe_server.py", line 282, in _handle_client
    edoi_packet_type = data.get("type",None)
AttributeError: 'bytes' object has no attribute 'get'
[I]2025-06-11T06:08:26Z: Internal server error: 'bytes' object has no attribute 'get'
Traceback (most recent call last):
  File "C:\Users\Awesome Kuhn Family\Documents\Tristan\httpe\edoi\httpe_server.py", line 283, in _handle_client
    edoi_packet_type = data.get("type",None)
AttributeError: 'bytes' object has no attribute 'get'
[I]2025-06-11T06:09:51Z: Internal server error: 'bytes' object has no attribute 'get'
Traceback (most recent call last):
  File "C:\Users\Awesome Kuhn Family\Documents\Tristan\httpe\edoi\httpe_server.py", line 283, in _handle_client
    edoi_packet_type = data.get("type",None)
AttributeError: 'bytes' object has no attribute 'get'
[I]2025-06-11T06:10:55Z: Internal server error: 'str' object has no attribute 'get'
Traceback (most recent call last):
  File "C:\Users\Awesome Kuhn Family\Documents\Tristan\httpe\edoi\httpe_server.py", line 284, in _handle_client
    edoi_packet_type = data.get("type",None)
AttributeError: 'str' object has no attribute 'get'
[I]2025-06-11T06:11:48Z: Internal server error: 'Httpe' object has no attribute 'name'
Traceback (most recent call last):
  File "C:\Users\Awesome Kuhn Family\Documents\Tristan\httpe\edoi\httpe_server.py", line 291, in _handle_client
    name_hash = self.compute_hashed_identity(self.name, salt)
AttributeError: 'Httpe' object has no attribute 'name'
[I]2025-06-11T07:43:16Z: Internal server error: 'str' object has no attribute 'decode'
Traceback (most recent call last):
  File "C:\Users\Awesome Kuhn Family\Documents\Tristan\httpe\edoi\httpe_server.py", line 337, in _handle_client
    text = data.decode()
AttributeError: 'str' object has no attribute 'decode'
[I]2025-06-11T07:44:40Z: Internal server error: Object of type bytes is not JSON serializable
Traceback (most recent call last):
  File "C:\Users\Awesome Kuhn Family\Documents\Tristan\httpe\edoi\httpe_server.py", line 366, in _handle_client
    self.send_packet(conn,addr,data=rsa_rez.serialize().encode(),route=route)
  File "C:\Users\Awesome Kuhn Family\Documents\Tristan\httpe\edoi\httpe_server.py", line 517, in send_packet
    message = json.dumps(packet).encode('utf-8')
  File "C:\Users\Awesome Kuhn Family\AppData\Local\Programs\Python\Python38\lib\json\__init__.py", line 231, in dumps
    return _default_encoder.encode(obj)
  File "C:\Users\Awesome Kuhn Family\AppData\Local\Programs\Python\Python38\lib\json\encoder.py", line 199, in encode
    chunks = self.iterencode(o, _one_shot=True)
  File "C:\Users\Awesome Kuhn Family\AppData\Local\Programs\Python\Python38\lib\json\encoder.py", line 257, in iterencode
    return _iterencode(o, 0)
  File "C:\Users\Awesome Kuhn Family\AppData\Local\Programs\Python\Python38\lib\json\encoder.py", line 179, in default
    raise TypeError(f'Object of type {o.__class__.__name__} '
TypeError: Object of type bytes is not JSON serializable
[I]2025-06-11T07:46:44Z: Internal server error: local variable 'route' referenced before assignment
Traceback (most recent call last):
  File "C:\Users\Awesome Kuhn Family\Documents\Tristan\httpe\edoi\httpe_server.py", line 277, in _handle_client
    edoi_json_data = json.loads(edoi_decoded)
  File "C:\Users\Awesome Kuhn Family\AppData\Local\Programs\Python\Python38\lib\json\__init__.py", line 357, in loads
    return _default_decoder.decode(s)
  File "C:\Users\Awesome Kuhn Family\AppData\Local\Programs\Python\Python38\lib\json\decoder.py", line 337, in decode
    obj, end = self.raw_decode(s, idx=_w(s, 0).end())
  File "C:\Users\Awesome Kuhn Family\AppData\Local\Programs\Python\Python38\lib\json\decoder.py", line 353, in raw_decode
    obj, end = self.scan_once(s, idx)
json.decoder.JSONDecodeError: Unterminated string starting at: line 1 column 1022 (char 1021)

During handling of the above exception, another exception occurred:

Traceback (most recent call last):
  File "C:\Users\Awesome Kuhn Family\Documents\Tristan\httpe\edoi\httpe_server.py", line 282, in _handle_client
    self.send_packet(conn,addr=addr,data=err_res.serialize().encode(),route=route)
UnboundLocalError: local variable 'route' referenced before assignment
[I]2025-06-11T07:50:37Z: Failed to verify user None from ('127.0.0.1', 59235). invalid packet
[I]2025-06-11T07:53:09Z: Failed to verify user None from ('127.0.0.1', 61377). invalid packet
[I]2025-06-11T07:54:51Z: Failed to verify user None from ('127.0.0.1', 63678). invalid packet
[I]2025-06-11T07:56:22Z: Failed to verify user None from ('127.0.0.1', 50087). invalid packet
[I]2025-06-11T07:58:13Z: Internal server error: local variable 'route' referenced before assignment
Traceback (most recent call last):
  File "C:\Users\Awesome Kuhn Family\Documents\Tristan\httpe\edoi\httpe_server.py", line 277, in _handle_client
    edoi_json_data = json.loads(edoi_decoded)
  File "C:\Users\Awesome Kuhn Family\AppData\Local\Programs\Python\Python38\lib\json\__init__.py", line 357, in loads
    return _default_decoder.decode(s)
  File "C:\Users\Awesome Kuhn Family\AppData\Local\Programs\Python\Python38\lib\json\decoder.py", line 337, in decode
    obj, end = self.raw_decode(s, idx=_w(s, 0).end())
  File "C:\Users\Awesome Kuhn Family\AppData\Local\Programs\Python\Python38\lib\json\decoder.py", line 353, in raw_decode
    obj, end = self.scan_once(s, idx)
json.decoder.JSONDecodeError: Unterminated string starting at: line 1 column 2043 (char 2042)

During handling of the above exception, another exception occurred:

Traceback (most recent call last):
  File "C:\Users\Awesome Kuhn Family\Documents\Tristan\httpe\edoi\httpe_server.py", line 282, in _handle_client
    self.send_packet(conn,addr=addr,data=err_res.serialize().encode(),route=route)
UnboundLocalError: local variable 'route' referenced before assignment
[I]2025-06-11T08:01:15Z: Failed to verify user None from ('127.0.0.1', 55323). invalid packet
[I]2025-06-11T08:05:42Z: Failed to verify user None from ('127.0.0.1', 57636). invalid packet
[I]2025-06-11T08:05:43Z: Request to /hello-world by ('127.0.0.1', 57711). Header: {'client_id': 'b3d0794c-8505-4c65-b72e-c2f8d6246a19', 'packet_id': '028431b9-e6dd-456e-93b6-5a2d3c943c43', 'is_com_setup': 'False', 'timestamp': '2025-06-11 06:05:42.371055+00:00', 'compressions': 'false'} Body: 
[I]2025-06-11T08:07:00Z: Internal server error: object of type 'NoneType' has no len()
Traceback (most recent call last):
  File "C:\Users\Awesome Kuhn Family\Documents\Tristan\httpe\edoi\httpe_server.py", line 277, in _handle_client
    edoi_json_data = json.loads(edoi_decoded)
  File "C:\Users\Awesome Kuhn Family\AppData\Local\Programs\Python\Python38\lib\json\__init__.py", line 357, in loads
    return _default_decoder.decode(s)
  File "C:\Users\Awesome Kuhn Family\AppData\Local\Programs\Python\Python38\lib\json\decoder.py", line 337, in decode
    obj, end = self.raw_decode(s, idx=_w(s, 0).end())
  File "C:\Users\Awesome Kuhn Family\AppData\Local\Programs\Python\Python38\lib\json\decoder.py", line 353, in raw_decode
    obj, end = self.scan_once(s, idx)
json.decoder.JSONDecodeError: Unterminated string starting at: line 1 column 1022 (char 1021)

During handling of the above exception, another exception occurred:

Traceback (most recent call last):
  File "C:\Users\Awesome Kuhn Family\Documents\Tristan\httpe\edoi\httpe_server.py", line 283, in _handle_client
    self.send_packet(conn,addr=addr,data=err_res.serialize().encode(),route=None)
  File "C:\Users\Awesome Kuhn Family\Documents\Tristan\httpe\edoi\httpe_server.py", line 510, in send_packet
    count = len(route) - 2
TypeError: object of type 'NoneType' has no len()
[I]2025-06-11T08:07:59Z: Failed to verify user None from ('127.0.0.1', 62036). invalid packet
[I]2025-06-11T08:08:01Z: Request to /hello-world by ('127.0.0.1', 62121). Header: {'client_id': 'd1137a40-492b-4c00-ae2b-382ffeba2563', 'packet_id': '01786230-e733-4868-a536-db725c2414fe', 'is_com_setup': 'False', 'timestamp': '2025-06-11 06:07:59.152174+00:00', 'compressions': 'false'} Body: 
[I]2025-06-11T08:10:38Z: Failed to verify user None from ('127.0.0.1', 64186). invalid packet
[I]2025-06-11T08:10:40Z: Request to /hello-world by ('127.0.0.1', 64237). Header: {'client_id': '06970b13-2e43-4697-b1bc-362bac773e50', 'packet_id': '47ff49b7-1ea3-47c5-b2c1-d5507e98f6dd', 'is_com_setup': 'False', 'timestamp': '2025-06-11 06:10:38.744690+00:00', 'compressions': 'false'} Body: 
[I]2025-06-11T08:12:46Z: Failed to verify user None from ('127.0.0.1', 50431). invalid packet
[I]2025-06-11T08:12:48Z: Request to /hello-world by ('127.0.0.1', 50614). Header: {'client_id': '9de97253-74f4-4d2d-8995-6d6975437135', 'packet_id': 'db49f259-5e99-46c8-949b-e39726b3fc6e', 'is_com_setup': 'False', 'timestamp': '2025-06-11 06:12:46.789115+00:00', 'compressions': 'false'} Body: 
[I]2025-06-11T08:17:12Z: Failed to verify user None from ('127.0.0.1', 53199). invalid packet
[I]2025-06-11T08:17:14Z: Request to /hello-world by ('127.0.0.1', 53521). Header: {'client_id': 'abbd1d6c-e76e-4d64-ac2d-d194fb8dd54c', 'packet_id': '015c5293-e23e-4c1b-8880-61c8e90fb87d', 'is_com_setup': 'False', 'timestamp': '2025-06-11 06:17:12.336630+00:00', 'compressions': 'false'} Body: 
[I]2025-06-11T08:33:02Z: Failed to verify user None from ('127.0.0.1', 55894). invalid packet
[I]2025-06-11T08:33:04Z: Request to /hello-world by ('127.0.0.1', 56080). Header: {'client_id': '7f016e13-ceff-4daa-bd94-ef53136fd9de', 'packet_id': '0b298361-57f4-4df7-9746-be1d63dba493', 'is_com_setup': 'False', 'timestamp': '2025-06-11 06:33:02.608781+00:00', 'compressions': 'false'} Body: 
[I]2025-06-11T08:36:40Z: Failed to verify user None from ('127.0.0.1', 58289). invalid packet
[I]2025-06-11T08:36:42Z: Request to /hello-world by ('127.0.0.1', 58366). Header: {'client_id': '542eada8-fd84-4174-9e3a-4fb2acb3cb49', 'packet_id': 'afef1b3f-a5e2-46e3-8976-6dcb9e5c8e46', 'is_com_setup': 'False', 'timestamp': '2025-06-11 06:36:40.202218+00:00', 'compressions': 'false'} Body: 
[I]2025-06-11T08:38:17Z: Failed to verify user None from ('127.0.0.1', 60554). invalid packet
[I]2025-06-11T08:38:19Z: Request to /hello-world by ('127.0.0.1', 60618). Header: {'client_id': 'da0050ca-8e7c-4f1b-9779-ae4922f63f22', 'packet_id': 'b427459b-ec08-48de-9f35-9404b07274d9', 'is_com_setup': 'False', 'timestamp': '2025-06-11 06:38:17.951408+00:00', 'compressions': 'false'} Body: 
[I]2025-06-11T08:42:00Z: Failed to verify user None from ('127.0.0.1', 62842). invalid packet
[I]2025-06-11T08:42:02Z: Request to /hello-world by ('127.0.0.1', 62973). Header: {'client_id': '7caa13d0-b99a-4130-9ccf-aeef0d450536', 'packet_id': '2b730c74-1c3b-4f72-b9bb-c2fb4d0d1512', 'is_com_setup': 'False', 'timestamp': '2025-06-11 06:42:00.977564+00:00', 'compressions': 'false'} Body: 
[I]2025-06-11T08:45:05Z: Internal server error: Invalid isoformat string: '2025-06-11 06:45:03.647500+00:00END'
Traceback (most recent call last):
  File "C:\Users\Awesome Kuhn Family\Documents\Tristan\httpe\edoi\httpe_server.py", line 418, in _handle_client
    timestamp = datetime.fromisoformat(timestamp)
ValueError: Invalid isoformat string: '2025-06-11 06:45:03.647500+00:00END'
[I]2025-06-11T08:45:07Z: Request to /hello-world by ('127.0.0.1', 65351). Header: {'client_id': '663ba408-b5a2-4d8c-9b45-f664301f3339', 'packet_id': 'b8504dfe-eac8-42be-af9b-37cfd7a6d190', 'is_com_setup': 'False', 'timestamp': '2025-06-11 06:45:05.648624+00:00', 'compressions': 'false'} Body: 
[I]2025-06-11T09:23:11Z: Internal server error: Invalid isoformat string: '2025-06-11T07:23:09.749449+00:00END'
Traceback (most recent call last):
  File "C:\Users\Awesome Kuhn Family\Documents\Tristan\httpe\edoi\httpe_server.py", line 418, in _handle_client
    timestamp = datetime.fromisoformat(timestamp)
ValueError: Invalid isoformat string: '2025-06-11T07:23:09.749449+00:00END'
[I]2025-06-11T09:23:13Z: Request to /hello-world by ('127.0.0.1', 52272). Header: {'client_id': '2543ace3-cec2-43f8-bb17-dd64004d10bd', 'packet_id': 'f0dde8eb-c448-4d34-bf1f-f8a24c3f6a4a', 'is_com_setup': 'False', 'timestamp': '2025-06-11 07:23:11.678273+00:00', 'compressions': 'false'} Body: 
[I]2025-06-11T10:42:41Z: Request to None by ('127.0.0.1', 58372). Header: {'aes_key': 'k2+zHO3c8R8wyiUqDfmehZr4sDe/zC22WFUv/oZKBQTrLqNcA4uBxbUaiX0Ug+iQZkCOz4hxzDEbgsUoKhqd0DK6ck68ORGCLtIArQCjxUOZUTzhDyBWk79x/ZKmziyNfwsOCLafEPD+A838l7TOm9cmoo0A/So4gdlD1OSxxfcaGBq2rRlDOg1/FEE3Pw2eN+pdlNDL03xmhGATeswdMpDFfhodSKjMbC0jps9/xm5wjO81UPxRsAkQhV4kisGe91pMGS4yrTgvJxr0mvXd2uqUfiEGB9OYrcWv1jv/QlQZOyminJi1dl5xqbgGIHb+yFyG0La5EDTyiyTf7mohDw==', 'user_id': 'XjEpaaULXFZ0GcWSaaG4AYm3T0A/XUbrhsiOVUIRaLZSMAR5+pxgzYqkP8PQ+Sw8Z4H6MTZWlQFJcLv1l+sTysm0xy7dDWWCRt2/MAndtTrUjS7kDJT9DKmdisww2PqP9nx8k3u0w2kjXtdaxcyQ4L1NJv0YlNep71HZLkuTzF+pYTUkFyIGlxIlWEfRglJ5PieEJ+vEK1nXoj0si0Ef7AcAUxz2xb/B+00enmL3fqJ1FSSmNMYKaq6rP+I0JpKVzesq6h3o3p6ky1xIXoML3FXVvszCd3MiPTurqSf7mvlSrdaM+roQkR9pu21kZJyMRZ4/dsb24Vp1geh+491U0A==', 'packet_id': 'e96f8a43-65b6-4047-8bfa-298ff4c722ce', 'timestamp': '2025-06-11T08:42:39.690390+00:00'} Body: 
[I]2025-06-11T10:42:43Z: Request to /hello-world by ('127.0.0.1', 58483). Header: {'client_id': '35d3a493-e2b0-4d18-90ea-b425f667e816', 'packet_id': 'b203ebe0-f1a6-42c4-9e4a-4e611c493eaa', 'is_com_setup': 'False', 'timestamp': '2025-06-11 08:42:41.728000+00:00', 'compressions': 'false'} Body: 
[I]2025-06-11T10:44:04Z: Request to None by ('127.0.0.1', 60898). Header: {'aes_key': 'f30XpJZXY0CHrhgunkYZytx+iFQ7jNdsCe2WTzrMNyULWEl8j+NJCtpwy1k3Z2aQBxMQfG1lfUp7OVB5aiuSXyhSoUCnNU0ECcMUX7QS4z9aJ8DJhB0OlnqzQW7FSzt47NxwDG6EbFXsOu1i2feHTwykCsAEq91Nye7RtczblVPPIvz2LQ/Xr1jRFgwtrq/csEgLhlSMt6xVrzm/c5oCPgeGo2sbj4pCMzxrM6Im1/ia43wEEIHEV3QvHQR3bYRMZMboVCCdQxRNMU17AvPH/apTx09kf4RVZvIbKVTEt9Bx6CVCxPpkTQIqtiLLCX+pf0l8V/Lfc5UbSDsyZzcNGg==', 'user_id': 'W0YR15a02ZH4RucojId6y1TDOnyNWV2uXor0fpOtMgFOrlqsRzKgJMmYCDqq28v0XRBa5jW1rv11bIjKGUJ1tfniNNaUoao80uuL72ZDcLn+3WZazUU5S1wzPTdNScdq2UMntmtWtmnuPzcMd704dsD5Nly/re+xlOvU8wJTrV646UZUwss+J7X1rVE6RUjcf2THAXHXZ+MJe9LDFoGjvlfuUmEbC6ArQaEVJrhJEcxfxd0vaJfjke6+Ank7QL+WUjQcOMiTjY8tnzi04ONUfOV8rwc9G7OdMYf0xJO53ayVGMTCEyaMCxwWdlioum3eMiWeHzEnInAfjZFNmSWryQ==', 'packet_id': '17d72011-c6fe-4cf2-b3b3-10af1bb2fa28', 'timestamp': '2025-06-11T08:44:02.684405+00:00'} Body: 
[I]2025-06-11T10:44:06Z: Request to /PTS by ('127.0.0.1', 61023). Header: {'client_id': 'eb272e77-49ac-49ec-b41b-a6acd5d3989e', 'packet_id': 'f3a6a565-3337-4c9f-854a-9a5e71c80228', 'is_com_setup': 'False', 'timestamp': '2025-06-11 08:44:04.758869+00:00', 'compressions': 'false'} Body: {"data": "12234"}

[I]2025-06-11T10:45:11Z: Request to None by ('127.0.0.1', 63192). Header: {'aes_key': 'LKj7vuoy+u8+N7r+vD4A65zH7OFxrft+iu44WHzcmeQfJiLoSN8tpHhFQ86WRbMj3sEegOsGblaeYcrtQ0XUfIVJ6KS9XYQ+8ndd4OTMU0Hbiys7dhRKjXkwk+M7r8xhRxhq8MX5IPEdETaGosWpTCFQ7gHMpO6gQDWmS6C2Kc3zPW7dzkZaCuK7ICCNyMqMu/yqOlT2ds0T0+28Ji1Zq/RmGzkSTXyHMe0elpvU6OJJwNNo8w4SpJXpv49VwCBaL/AEkmSR6hma77wA0BtGTRaKEl8kijsfJJ4liFLVvYJqPVgVTWZMHYI5kiDEatij5Yrp21Q4t8Wp/WQHjI6x4w==', 'user_id': 'cEGdWNC9adlrUiUhv4ddyyJN4+/Bt9GOLM9USFkUw1LEHok57ANHLQHB1NlFLUDKVIkrcRsBGLu5vZVA9iytY5zOAc65YjxR0YraGKfD0DMPrikYXlTMWTUPsqheT5cLrOnBDSHaU+WCAVRy69Wc6uhakwj8dzgVnM0w3dTO1iedbMz0ET8kvWILFDBzpQyL9YzNRZIwA+13Goxi8HF2lnyp6B4qPozAaADjto/jOtAFoO6/b6EeSBX0Kf4nSmRePppo4ABxF+Vq+KRMhiNigr6uRHv90lYQphfQ/IYxOgJtHypxSGSsrtNyZsUdAtUlYG/nPksTmxEcyix3zGU2nw==', 'packet_id': '14fc50c5-82e6-463c-97f9-3e00b9c3a624', 'timestamp': '2025-06-11T08:45:09.295494+00:00'} Body: 
[I]2025-06-11T10:45:13Z: Request to /PTS by ('127.0.0.1', 63290). Header: {'client_id': '30db6b29-03fd-4170-99dd-108a51e84cbf', 'packet_id': 'eb9d75a5-30d6-4634-8fdd-9da442802226', 'is_com_setup': 'False', 'timestamp': '2025-06-11 08:45:11.394311+00:00', 'compressions': 'false'} Body: {"data": "12234"}

[I]2025-06-11T10:47:24Z: Request to None by ('127.0.0.1', 49762). Header: {'aes_key': 'XYpPqjb1T4GiOv3PWW0UIVw57zP5H+h0Yi0Fh6MZrgtA03J5DLyiqEioA3KaKleSDI4jame0YHN49CscRuI0shwM2t++6fFq1JjCRn37bwx6DcTZpXN//9tpwflJeNhOsgOZ3W12MYG8v2U+yv02aXqD6pmU3e0UH4q2a3MvzxM0FaJCNjQSyJlmEBzPPNvDJNeMLlHju6yjMEGp80XiWOWsm0oDFd1HrEV18HC79mwgwjm+62kj4i3DPmvw33P1ISrV3L2ZpWydR8jEmoccs7f/FzibiGOyYcZmrKiTgbd147hrf9amj0fTdY7mqRUgRUU7iH7Q5i+t6V/zDFBCqQ==', 'user_id': 'gHro3cNGnvYuYN47PfnKeWH7DF/WuK+ugxyAoQY/RWR/EEH+d/tqFLBeiuM9O1O3BwigAT3XboPJRfdQ4jwgT016q4hLm/+of3/OH7mZPvmpHjzKs007xI1FYucHrtByCyFusVda2kfcr1PG+EuVuFCkCU6cJQmOXzjqzyznseP7H1MVEAfeMuff8mnUpfbcf4+l+4BShIYTpZZUdVdraRj+N34PGo12ybsG63WMQFXfFTNv0NXDGHq+oqonQERa1aMT+Wel4lagdRdkr7NpV6Pi89dsyZ5tUb4/r2MGt9OStYqYTnrZBXxTTXGj2AD7ZK3ZpQuyDO30PPXIp5a/GQ==', 'packet_id': 'bd9aab50-8706-48b1-816b-8d5bce0f9030', 'timestamp': '2025-06-11T08:47:22.472469+00:00'} Body: 
[I]2025-06-11T10:47:26Z: Request to /PTS by ('127.0.0.1', 49972). Header: {'client_id': '210c43d6-6149-440b-8a94-903510a1c5f5', 'packet_id': '02aeee15-e042-4a4e-9176-4f22dbe5f924', 'is_com_setup': 'False', 'timestamp': '2025-06-11 08:47:24.519866+00:00', 'compressions': 'false'} Body: {"data": "12234"}

[I]2025-06-11T10:48:43Z: Request to None by ('127.0.0.1', 52660). Header: {'aes_key': 'acY2kngthf73LXvyREwOW9aqrCXnqOPQ8O6qyfOZTLQH5l29Q6PVBDUTmyNwxCeEwqOkZE0spPj/uBs32p+hFqs0Ynwju+mPoqkTBZHcTQzCupACqMROod4dyx9AxRw7gaxB3emZVINjLSLbXmvbofBDpcjSi/yFmKgXjCddbAVYQ5+aS/VvlfkrZiKyECg5920BmVF9BtQCwqjgbBLvk0vptjY67w2m3+7wYMlWeGq5KVFJ0L0jWYchF24QzbttQka27yhYYRFJqOLWXNkXqB45BrrlJStFRYgJlNEUI1JgBeCGoqoPr5DWpbjqFVrzMlb7aEvvdBIhB7aAnLr7bw==', 'user_id': 'INXjxp/d2/CJocS3ctc4vBP6no0/kJ22tu2UkGwjBj/GjuLipGQ3BKQwAl85NSlXq/S8aUpCGdgSzTMkOOcSDXDc5Jdz2GQ3GLNGrDwJvXFlvFFB6rBYJAMNkf9ABxVUSdr4aZcRFgoA3vzyVB/Yq9/zlFFCAUBwgE5QvdgRefRWhxa8QbBgxdtYse78mLaeZIDVkvTDuIFosQ66SXiwTU7b3ESB1Lo3OVXCGWP1R/UQpcLN1t8k4zeYp8X7N8U7PYTYnd0plznP/baJowtFNQACw2Htx4T6C4uaUHwaY/MW9a2MoOKzmYhw2TUKESWXPdsMB7QvOInjGYwBRUk3hw==', 'packet_id': 'c0ae920b-9a52-479b-b21e-bd22636dec72', 'timestamp': '2025-06-11T08:48:41.814991+00:00'} Body: 
[I]2025-06-11T10:48:45Z: Request to /PTS by ('127.0.0.1', 52772). Header: {'client_id': '8ede2e54-feb4-402d-b114-9eaa0297cf9a', 'packet_id': '981afa5f-d1fa-4271-a6f8-05aba29f65bd', 'is_com_setup': 'False', 'timestamp': '2025-06-11 08:48:43.858130+00:00', 'compressions': 'false'} Body: {"data": "12234"}

[I]2025-06-11T10:54:48Z: Request to None by ('127.0.0.1', 55305). Header: {'aes_key': 'gR9DizJ3VSLrZ+hSMbhGj5RqqHC9lOysCHqj/Sn/b35ODPBerrjs4GmP/xKOSAYH2IfrLSMSLRnybyX8i/EnLcwm6DOhRnTH9zW3jnLajfnCuLYB4Eev4wu+b62yxnYvlU2muoE4pmntTCcA0mkrHVrSZfSENd1cv29zF+ydjG83etQnYUxtMavrjb1/iwNHXpNgPH3xb310gW7JS8fZWC8zBt5GDfuQcYZ7MdjIlezh4JRq5GxcTimnPNpAP9eqIt8X0DeGUSS9C6UGORLSDEsUcugywXy0inv33wnL8NLiLH1XwlX8WDByT1jWB7OeI7RkkpQIWlwEO0zRIkbN8A==', 'user_id': 'AaXVQN4/JbP7LVWTfAxkCtkt71MvZfTF+EvapugoQ7lOhV6VffoskaL0xogeo6UgiXjmOlji1UmPqzgZ81DutRDm2TMkcAj66VNOausrcGaYeMYqKXnSS3wVliF0tWZjSDTm4Jou4GPQkILnbuhwH1HNNEtDdCElUW4cKGR3sARxfueRn2GKlwRPKbGpzAE/g1ozcDpEpB90YwlkrYdHLcWS1Lbc50N3nBLX+FuOZPezJ5Qu2P9332VPGjUM/PIwZtYrUxrLhbDP3vf4Z+LRatBez3JkAsAkwbFMZleVkhvz2B3Muao0D8l1waoPYWdQPvCyZJMtQRtj6v3eIzcfYg==', 'packet_id': '27cc4522-cbd8-4ddd-ba91-bb2ef25b531f', 'timestamp': '2025-06-11T08:54:46.106180+00:00'} Body: 
[I]2025-06-11T10:54:50Z: Request to /PTS by ('127.0.0.1', 55457). Header: {'client_id': '3025512f-ca2f-4bc8-8e4a-7f40a2094a9a', 'packet_id': '81968e22-cbcf-4f1c-82f1-404237d64846', 'is_com_setup': 'False', 'timestamp': '2025-06-11 08:54:48.286394+00:00', 'compressions': 'false'} Body: {"data": "12234"}

[I]2025-06-11T10:58:11Z: Request to None by ('127.0.0.1', 62451). Header: {'aes_key': 'Eb0uNuvQJ26gyNGmHz2ACNrkXeQn8sMP7YxFMrEvZIW0r7qVDcuTy3vA04enPmFzMd2PDYV60xgXRswlHnSuOhA6nJM7is8KcibsW3h9OFkWzpVju2mNxvEq3/qddoulhtWiCsC7BsFR97JECyIy69ZMKsMjbFDpvop8LDJ639ojJx4CKE9b7WmOwyWpHoB804uohCjUjzNqOF+2unQmDHFV89Els5MziIA8Ia69ZpJ6cFQR2rl7Z7SmRS8iczncAKUbW0dq3mK+mZjYk6HnFt+bWMA2CWRhAfexW4R6LBoK/qdxkR+zFj2BqNQwREohMh9bdRmt6c74WFOj3pkhlQ==', 'user_id': 'GK4SJptQZFtpnP8uyFiJW+aMmNtlIdKerzdgavJoq3+o3oLdHMy0koBztzEqDWdgYk12bT6MCc/unB5m10Agxsk8LfwpCgCmhBeW5GDy+0RTGJmBj6lNiyMmAzf8Can4oRl+5LBbAhNkhp3tKIhH+Vn2jmbVcGBBQsYY4CmETHxIMArTWLYzzEnYyAgIQa2TovTueCW4vO9UmtO3UuFPH1dHNPQcfg63X7ggQhfRNDNP0pCJaMR6sM4k6QASunmo26c4fpq24aXFZ8qTKdQA69y8bEAKs8YnfzjaY23Tls6gOonddx27AMD8HaNr/YEHOKTRwLGNuUAbJVZGn2wE/A==', 'packet_id': '201a0e31-3460-4155-b6d9-8002c5342f0b', 'timestamp': '2025-06-11T08:58:09.956290+00:00'} Body: 
[I]2025-06-11T10:58:14Z: Request to /PTS by ('127.0.0.1', 62646). Header: {'client_id': 'd3c4b5ca-e3f8-468c-944a-57b7b2f0f588', 'packet_id': '07f6b015-574a-467f-a977-df9e53227bd1', 'is_com_setup': 'False', 'timestamp': '2025-06-11 08:58:12.223172+00:00', 'compressions': 'false'} Body: {"data": "12234"}

[I]2025-06-11T11:04:32Z: Request to None by ('127.0.0.1', 65365). Header: {'aes_key': 'KaMqGSALhOoHrUcL3IGzEMzxAvN5cP/Oy2h2UDnOgWJF3edjqodg34ukZaYb9ABJTGkJqo09Q4tgcWFXi949vnPPQT7aGMQl3tqkxCVk2RWIfMK81yHME3em/D6atKX7CF1kOFxtTtYT5g6HFnknUfOL4bMSc+NN1WGqAQD6NbC6VMZQUiFvBRwXN0A2klutzefWhGHmKFVRcaaH1cbPUV/gQEcHmpjGa91uLBBNWsTd9H/ENWkmat4NW897DdDVVAnoSCjci1d9asZjyCjIqfxB0bzpB6IrLYVeaSGsUxavctFWfYaRDjBQ4f4XfF4kAqhlUwL4yzUNoNMG7vT9wA==', 'user_id': 'EdgUuZ7M8eMYMkmsiyK5l0TBSnAYze6CMuXXuHLvYAHd7PBVSTplgEU6ByBuiMsffiWEpi9xFJgmmIKNwILbS2Ya91t3/RA267Kek6R6Aob+oIN8+qTW2Y2UQ/+oIcwtsQQMkDGWOVkDiVmQS7w4ReuYFF+6uBMP9kyI8oG2KUwuP5tce6mlgEaiBVBQRDSC49HkiQbyMIRaxA2kn5n5D4brP0/QBkaJoAieJcM5qqUeoediNWNDKHaa9osguZRzuQu3Pa7UwAkj49s4yoBRaYC1pIOW/g2mEY3ww/ZP3NsM3WpFlLuppKrdulkJUekPMBLXfKd5Hy6L+wlYlgszCg==', 'packet_id': '4eb572ae-37e4-4d96-a9ec-3f7afc06d329', 'timestamp': '2025-06-11T09:04:30.206540+00:00'} Body: 
[I]2025-06-11T11:04:34Z: Request to /PTS by ('127.0.0.1', 49367). Header: {'client_id': '2436f759-babe-48fa-ade7-e430d7834d1a', 'packet_id': 'f808f0be-b3b5-4b2c-8f3e-abd0f84f7921', 'is_com_setup': 'False', 'timestamp': '2025-06-11 09:04:32.314125+00:00', 'compressions': 'false'} Body: {"data": "12234"}

[I]2025-06-11T11:05:38Z: Request to /PTS by ('127.0.0.1', 52136). Header: {'client_id': 'b152bc4d-800c-46a5-a8e2-ce1e3b78b73b', 'packet_id': 'e48f8a96-017a-4fd8-bb94-f6413ccc85ad', 'is_com_setup': 'False', 'timestamp': '2025-06-11 09:05:36.434310+00:00', 'compressions': 'false'} Body: {"data": "12234"}

[I]2025-06-11T11:47:30Z: Request to /PTS by ('127.0.0.1', 57814). Header: {'client_id': '6faaf065-c9ae-463d-9f5f-6372de3536cc', 'packet_id': '4c199006-b63f-4368-9a86-70953977584b', 'is_com_setup': 'False', 'timestamp': '2025-06-11 09:47:28.495418+00:00', 'compressions': 'false'} Body: {"data": "12234"}

[I]2025-06-11T11:50:29Z: Request to /PTS by ('127.0.0.1', 65033). Header: {'client_id': 'a98a2b93-a3f5-4ae0-a711-e14c0504c607', 'packet_id': '9a19999d-e7ba-4f62-b7c6-0df1defdee36', 'is_com_setup': 'False', 'timestamp': '2025-06-11 09:50:28.083333+00:00', 'compressions': 'false'} Body: {"data": "12234"}

[I]2025-06-11T11:50:43Z: Request to /PTS by ('127.0.0.1', 51766). Header: {'client_id': '872acd9a-f8da-4309-a4b5-4206b2d0878f', 'packet_id': 'aaf966d2-0c00-4458-98a1-9e709a4ffe91', 'is_com_setup': 'False', 'timestamp': '2025-06-11 09:50:41.449494+00:00', 'compressions': 'false'} Body: {"data": "12234"}

