[I]2025-06-05T11:59:01Z: Request to /PTS by ('127.0.0.1', 50723). Header: {'client_id': 'cddeb07e-467b-4587-8e77-78ca649f085b', 'packet_id': 'f9a83ad7-5f90-4939-8538-16d645f52bb4', 'is_com_setup': 'False', 'timestamp': '2025-06-05T09:59:01.164150+00:00', 'compressions': 'false'} Body: {"data": "12234"}

[I]2025-06-05T11:59:01Z: Request to /PTS by ('127.0.0.1', 50726). Header: {'client_id': 'cb2ffa51-c279-4bdc-9a8b-abd01a6af2d8', 'packet_id': '1a4ddf38-ab94-4320-86db-0e978b3a53f1', 'is_com_setup': 'False', 'timestamp': '2025-06-05T09:59:01.239659+00:00', 'compressions': 'false'} Body: {"data": "456"}

[I]2025-06-05T12:06:48Z: Request to /PTS by ('127.0.0.1', 51303). Header: {'client_id': '3b3c2c61-c6b7-4872-9fba-9c330d04af59', 'packet_id': '2fbf2c88-b676-4085-8d30-12e0f46b9cca', 'is_com_setup': 'False', 'timestamp': '2025-06-05T10:06:48.470035+00:00', 'compressions': 'false'} Body: {"data": "12234"}

[I]2025-06-05T12:06:48Z: Request to /PTS by ('127.0.0.1', 51306). Header: {'client_id': 'b03ab8e0-09e8-4a38-9194-dd0ed699f6a8', 'packet_id': '5a729149-a5af-4a28-b129-8fc2d5b1c52f', 'is_com_setup': 'False', 'timestamp': '2025-06-05T10:06:48.539230+00:00', 'compressions': 'false'} Body: {"data": "456"}

[I]2025-06-05T12:33:45Z: Failed to verify user 6dae533c-66cc-4cfc-868c-ada8d285f67f from ('127.0.0.1', 52669). Possible packet reuse
[I]2025-06-05T12:34:16Z: Request to /PTS by ('127.0.0.1', 52702). Header: {'client_id': '747f5556-906a-4c7d-ac88-54385d7043cc', 'packet_id': '1eb50bd0-c262-4dd7-aba4-a7f6e1ffbab4', 'is_com_setup': 'False', 'timestamp': '2025-06-05 10:34:16.691598+00:00', 'compressions': 'false'} Body: {"data": "12234"}

[I]2025-06-05T12:34:16Z: Request to /PTS by ('127.0.0.1', 52705). Header: {'client_id': '05c83ecf-8403-4244-b432-58d40ecb6221', 'packet_id': '95b9efc5-78bb-48ec-bb6d-34028662a25e', 'is_com_setup': 'False', 'timestamp': '2025-06-05 10:34:16.762090+00:00', 'compressions': 'false'} Body: {"data": "456"}

[I]2025-06-05T12:34:48Z: Failed to verify user f48f24cc-4f43-452e-b8d3-3ab7a68622eb from ('127.0.0.1', 52837). Possible packet reuse
[I]2025-06-06T05:47:06Z: Failed to verify user bc1b4525-bee5-4486-95e0-16b6818ed8d6 from ('127.0.0.1', 51068). Possible packet reuse
[I]2025-06-06T05:47:28Z: Request to /PTS by ('127.0.0.1', 51093). Header: {'client_id': '19fc2443-d938-49cf-ac81-943be47865f3', 'packet_id': '6b0ad924-229c-4034-96e5-f77f5190f2fe', 'is_com_setup': 'False', 'timestamp': '2025-06-06 03:47:28.799778+00:00', 'compressions': 'false'} Body: {"data": "12234"}

[I]2025-06-06T05:47:28Z: Request to /PTS by ('127.0.0.1', 51096). Header: {'client_id': 'c7751dc3-0a29-4f9a-ac29-8940a51bb8d5', 'packet_id': '4a3024e7-3845-4425-a268-e6b2e0b89c25', 'is_com_setup': 'False', 'timestamp': '2025-06-06 03:47:28.869783+00:00', 'compressions': 'false'} Body: {"data": "456"}

[I]2025-06-06T05:47:55Z: Request to /PTS by ('127.0.0.1', 51120). Header: {'client_id': 'ff5ec830-4fab-4998-8fce-2411df03a7a6', 'packet_id': '11aa7a08-6aa8-418a-82ab-fde076ec2ed2', 'is_com_setup': 'False', 'timestamp': '2025-06-06 03:47:55.098617+00:00', 'compressions': 'false'} Body: {"data": "12234"}

[I]2025-06-06T05:47:55Z: Request to /PTS by ('127.0.0.1', 51121). Header: {'client_id': 'ff5ec830-4fab-4998-8fce-2411df03a7a6', 'packet_id': '7f7b2366-1bb9-4e73-ac31-a6e053a23d2d', 'is_com_setup': 'False', 'timestamp': '2025-06-06 03:47:55.100616+00:00', 'compressions': 'false'} Body: 
[I]2025-06-06T05:47:55Z: Request to /PTS by ('127.0.0.1', 51124). Header: {'client_id': '487c42fb-aad8-4f43-ad55-fe36888f6367', 'packet_id': '7ea06ac3-05e9-4e1e-8d41-5a0fdfd0904d', 'is_com_setup': 'False', 'timestamp': '2025-06-06 03:47:55.169127+00:00', 'compressions': 'false'} Body: {"data": "456"}

[I]2025-06-06T05:48:37Z: Request to /hello-world by ('127.0.0.1', 51277). Header: {'client_id': '5dff6012-2a78-4858-8362-f79bd31faa59', 'packet_id': 'c75703cc-9fbb-4b84-8d1c-806b250a543d', 'is_com_setup': 'False', 'timestamp': '2025-06-06 03:48:37.658739+00:00', 'compressions': 'false'} Body: 
[I]2025-06-06T05:48:37Z: Request to /PTS by ('127.0.0.1', 51280). Header: {'client_id': 'f33fdb39-d72a-4c53-b10f-341a0b0939d7', 'packet_id': '32dded70-2853-41dd-aa82-53b76464cdba', 'is_com_setup': 'False', 'timestamp': '2025-06-06 03:48:37.728743+00:00', 'compressions': 'false'} Body: {"data": "456"}

[I]2025-06-11T06:01:36Z: Internal server error: 'bytes' object has no attribute 'get'
Traceback (most recent call last):
  File "C:\Users\Awesome Kuhn Family\Documents\Tristan\httpe\edoi\httpe_server.py", line 282, in _handle_client
    edoi_packet_type = data.get("type",None)
AttributeError: 'bytes' object has no attribute 'get'
[I]2025-06-11T06:03:41Z: Internal server error: 'bytes' object has no attribute 'get'
Traceback (most recent call last):
  File "C:\Users\Awesome Kuhn Family\Documents\Tristan\httpe\edoi\httpe_server.py", line 282, in _handle_client
    edoi_packet_type = data.get("type",None)
AttributeError: 'bytes' object has no attribute 'get'
[I]2025-06-11T06:08:26Z: Internal server error: 'bytes' object has no attribute 'get'
Traceback (most recent call last):
  File "C:\Users\Awesome Kuhn Family\Documents\Tristan\httpe\edoi\httpe_server.py", line 283, in _handle_client
    edoi_packet_type = data.get("type",None)
AttributeError: 'bytes' object has no attribute 'get'
[I]2025-06-11T06:09:51Z: Internal server error: 'bytes' object has no attribute 'get'
Traceback (most recent call last):
  File "C:\Users\Awesome Kuhn Family\Documents\Tristan\httpe\edoi\httpe_server.py", line 283, in _handle_client
    edoi_packet_type = data.get("type",None)
AttributeError: 'bytes' object has no attribute 'get'
[I]2025-06-11T06:10:55Z: Internal server error: 'str' object has no attribute 'get'
Traceback (most recent call last):
  File "C:\Users\Awesome Kuhn Family\Documents\Tristan\httpe\edoi\httpe_server.py", line 284, in _handle_client
    edoi_packet_type = data.get("type",None)
AttributeError: 'str' object has no attribute 'get'
[I]2025-06-11T06:11:48Z: Internal server error: 'Httpe' object has no attribute 'name'
Traceback (most recent call last):
  File "C:\Users\Awesome Kuhn Family\Documents\Tristan\httpe\edoi\httpe_server.py", line 291, in _handle_client
    name_hash = self.compute_hashed_identity(self.name, salt)
AttributeError: 'Httpe' object has no attribute 'name'
[I]2025-06-11T07:43:16Z: Internal server error: 'str' object has no attribute 'decode'
Traceback (most recent call last):
  File "C:\Users\Awesome Kuhn Family\Documents\Tristan\httpe\edoi\httpe_server.py", line 337, in _handle_client
    text = data.decode()
AttributeError: 'str' object has no attribute 'decode'
[I]2025-06-11T07:44:40Z: Internal server error: Object of type bytes is not JSON serializable
Traceback (most recent call last):
  File "C:\Users\Awesome Kuhn Family\Documents\Tristan\httpe\edoi\httpe_server.py", line 366, in _handle_client
    self.send_packet(conn,addr,data=rsa_rez.serialize().encode(),route=route)
  File "C:\Users\Awesome Kuhn Family\Documents\Tristan\httpe\edoi\httpe_server.py", line 517, in send_packet
    message = json.dumps(packet).encode('utf-8')
  File "C:\Users\Awesome Kuhn Family\AppData\Local\Programs\Python\Python38\lib\json\__init__.py", line 231, in dumps
    return _default_encoder.encode(obj)
  File "C:\Users\Awesome Kuhn Family\AppData\Local\Programs\Python\Python38\lib\json\encoder.py", line 199, in encode
    chunks = self.iterencode(o, _one_shot=True)
  File "C:\Users\Awesome Kuhn Family\AppData\Local\Programs\Python\Python38\lib\json\encoder.py", line 257, in iterencode
    return _iterencode(o, 0)
  File "C:\Users\Awesome Kuhn Family\AppData\Local\Programs\Python\Python38\lib\json\encoder.py", line 179, in default
    raise TypeError(f'Object of type {o.__class__.__name__} '
TypeError: Object of type bytes is not JSON serializable
[I]2025-06-11T07:46:44Z: Internal server error: local variable 'route' referenced before assignment
Traceback (most recent call last):
  File "C:\Users\Awesome Kuhn Family\Documents\Tristan\httpe\edoi\httpe_server.py", line 277, in _handle_client
    edoi_json_data = json.loads(edoi_decoded)
  File "C:\Users\Awesome Kuhn Family\AppData\Local\Programs\Python\Python38\lib\json\__init__.py", line 357, in loads
    return _default_decoder.decode(s)
  File "C:\Users\Awesome Kuhn Family\AppData\Local\Programs\Python\Python38\lib\json\decoder.py", line 337, in decode
    obj, end = self.raw_decode(s, idx=_w(s, 0).end())
  File "C:\Users\Awesome Kuhn Family\AppData\Local\Programs\Python\Python38\lib\json\decoder.py", line 353, in raw_decode
    obj, end = self.scan_once(s, idx)
json.decoder.JSONDecodeError: Unterminated string starting at: line 1 column 1022 (char 1021)

During handling of the above exception, another exception occurred:

Traceback (most recent call last):
  File "C:\Users\Awesome Kuhn Family\Documents\Tristan\httpe\edoi\httpe_server.py", line 282, in _handle_client
    self.send_packet(conn,addr=addr,data=err_res.serialize().encode(),route=route)
UnboundLocalError: local variable 'route' referenced before assignment
[I]2025-06-11T07:50:37Z: Failed to verify user None from ('127.0.0.1', 59235). invalid packet
[I]2025-06-11T07:53:09Z: Failed to verify user None from ('127.0.0.1', 61377). invalid packet
[I]2025-06-11T07:54:51Z: Failed to verify user None from ('127.0.0.1', 63678). invalid packet
[I]2025-06-11T07:56:22Z: Failed to verify user None from ('127.0.0.1', 50087). invalid packet
[I]2025-06-11T07:58:13Z: Internal server error: local variable 'route' referenced before assignment
Traceback (most recent call last):
  File "C:\Users\Awesome Kuhn Family\Documents\Tristan\httpe\edoi\httpe_server.py", line 277, in _handle_client
    edoi_json_data = json.loads(edoi_decoded)
  File "C:\Users\Awesome Kuhn Family\AppData\Local\Programs\Python\Python38\lib\json\__init__.py", line 357, in loads
    return _default_decoder.decode(s)
  File "C:\Users\Awesome Kuhn Family\AppData\Local\Programs\Python\Python38\lib\json\decoder.py", line 337, in decode
    obj, end = self.raw_decode(s, idx=_w(s, 0).end())
  File "C:\Users\Awesome Kuhn Family\AppData\Local\Programs\Python\Python38\lib\json\decoder.py", line 353, in raw_decode
    obj, end = self.scan_once(s, idx)
json.decoder.JSONDecodeError: Unterminated string starting at: line 1 column 2043 (char 2042)

During handling of the above exception, another exception occurred:

Traceback (most recent call last):
  File "C:\Users\Awesome Kuhn Family\Documents\Tristan\httpe\edoi\httpe_server.py", line 282, in _handle_client
    self.send_packet(conn,addr=addr,data=err_res.serialize().encode(),route=route)
UnboundLocalError: local variable 'route' referenced before assignment
[I]2025-06-11T08:01:15Z: Failed to verify user None from ('127.0.0.1', 55323). invalid packet
[I]2025-06-11T08:05:42Z: Failed to verify user None from ('127.0.0.1', 57636). invalid packet
[I]2025-06-11T08:05:43Z: Request to /hello-world by ('127.0.0.1', 57711). Header: {'client_id': 'b3d0794c-8505-4c65-b72e-c2f8d6246a19', 'packet_id': '028431b9-e6dd-456e-93b6-5a2d3c943c43', 'is_com_setup': 'False', 'timestamp': '2025-06-11 06:05:42.371055+00:00', 'compressions': 'false'} Body: 
[I]2025-06-11T08:07:00Z: Internal server error: object of type 'NoneType' has no len()
Traceback (most recent call last):
  File "C:\Users\Awesome Kuhn Family\Documents\Tristan\httpe\edoi\httpe_server.py", line 277, in _handle_client
    edoi_json_data = json.loads(edoi_decoded)
  File "C:\Users\Awesome Kuhn Family\AppData\Local\Programs\Python\Python38\lib\json\__init__.py", line 357, in loads
    return _default_decoder.decode(s)
  File "C:\Users\Awesome Kuhn Family\AppData\Local\Programs\Python\Python38\lib\json\decoder.py", line 337, in decode
    obj, end = self.raw_decode(s, idx=_w(s, 0).end())
  File "C:\Users\Awesome Kuhn Family\AppData\Local\Programs\Python\Python38\lib\json\decoder.py", line 353, in raw_decode
    obj, end = self.scan_once(s, idx)
json.decoder.JSONDecodeError: Unterminated string starting at: line 1 column 1022 (char 1021)

During handling of the above exception, another exception occurred:

Traceback (most recent call last):
  File "C:\Users\Awesome Kuhn Family\Documents\Tristan\httpe\edoi\httpe_server.py", line 283, in _handle_client
    self.send_packet(conn,addr=addr,data=err_res.serialize().encode(),route=None)
  File "C:\Users\Awesome Kuhn Family\Documents\Tristan\httpe\edoi\httpe_server.py", line 510, in send_packet
    count = len(route) - 2
TypeError: object of type 'NoneType' has no len()
[I]2025-06-11T08:07:59Z: Failed to verify user None from ('127.0.0.1', 62036). invalid packet
[I]2025-06-11T08:08:01Z: Request to /hello-world by ('127.0.0.1', 62121). Header: {'client_id': 'd1137a40-492b-4c00-ae2b-382ffeba2563', 'packet_id': '01786230-e733-4868-a536-db725c2414fe', 'is_com_setup': 'False', 'timestamp': '2025-06-11 06:07:59.152174+00:00', 'compressions': 'false'} Body: 
[I]2025-06-11T08:10:38Z: Failed to verify user None from ('127.0.0.1', 64186). invalid packet
[I]2025-06-11T08:10:40Z: Request to /hello-world by ('127.0.0.1', 64237). Header: {'client_id': '06970b13-2e43-4697-b1bc-362bac773e50', 'packet_id': '47ff49b7-1ea3-47c5-b2c1-d5507e98f6dd', 'is_com_setup': 'False', 'timestamp': '2025-06-11 06:10:38.744690+00:00', 'compressions': 'false'} Body: 
[I]2025-06-11T08:12:46Z: Failed to verify user None from ('127.0.0.1', 50431). invalid packet
[I]2025-06-11T08:12:48Z: Request to /hello-world by ('127.0.0.1', 50614). Header: {'client_id': '9de97253-74f4-4d2d-8995-6d6975437135', 'packet_id': 'db49f259-5e99-46c8-949b-e39726b3fc6e', 'is_com_setup': 'False', 'timestamp': '2025-06-11 06:12:46.789115+00:00', 'compressions': 'false'} Body: 
[I]2025-06-11T08:17:12Z: Failed to verify user None from ('127.0.0.1', 53199). invalid packet
[I]2025-06-11T08:17:14Z: Request to /hello-world by ('127.0.0.1', 53521). Header: {'client_id': 'abbd1d6c-e76e-4d64-ac2d-d194fb8dd54c', 'packet_id': '015c5293-e23e-4c1b-8880-61c8e90fb87d', 'is_com_setup': 'False', 'timestamp': '2025-06-11 06:17:12.336630+00:00', 'compressions': 'false'} Body: 
[I]2025-06-11T08:33:02Z: Failed to verify user None from ('127.0.0.1', 55894). invalid packet
[I]2025-06-11T08:33:04Z: Request to /hello-world by ('127.0.0.1', 56080). Header: {'client_id': '7f016e13-ceff-4daa-bd94-ef53136fd9de', 'packet_id': '0b298361-57f4-4df7-9746-be1d63dba493', 'is_com_setup': 'False', 'timestamp': '2025-06-11 06:33:02.608781+00:00', 'compressions': 'false'} Body: 
[I]2025-06-11T08:36:40Z: Failed to verify user None from ('127.0.0.1', 58289). invalid packet
[I]2025-06-11T08:36:42Z: Request to /hello-world by ('127.0.0.1', 58366). Header: {'client_id': '542eada8-fd84-4174-9e3a-4fb2acb3cb49', 'packet_id': 'afef1b3f-a5e2-46e3-8976-6dcb9e5c8e46', 'is_com_setup': 'False', 'timestamp': '2025-06-11 06:36:40.202218+00:00', 'compressions': 'false'} Body: 
[I]2025-06-11T08:38:17Z: Failed to verify user None from ('127.0.0.1', 60554). invalid packet
[I]2025-06-11T08:38:19Z: Request to /hello-world by ('127.0.0.1', 60618). Header: {'client_id': 'da0050ca-8e7c-4f1b-9779-ae4922f63f22', 'packet_id': 'b427459b-ec08-48de-9f35-9404b07274d9', 'is_com_setup': 'False', 'timestamp': '2025-06-11 06:38:17.951408+00:00', 'compressions': 'false'} Body: 
[I]2025-06-11T08:42:00Z: Failed to verify user None from ('127.0.0.1', 62842). invalid packet
[I]2025-06-11T08:42:02Z: Request to /hello-world by ('127.0.0.1', 62973). Header: {'client_id': '7caa13d0-b99a-4130-9ccf-aeef0d450536', 'packet_id': '2b730c74-1c3b-4f72-b9bb-c2fb4d0d1512', 'is_com_setup': 'False', 'timestamp': '2025-06-11 06:42:00.977564+00:00', 'compressions': 'false'} Body: 
[I]2025-06-11T08:45:05Z: Internal server error: Invalid isoformat string: '2025-06-11 06:45:03.647500+00:00END'
Traceback (most recent call last):
  File "C:\Users\Awesome Kuhn Family\Documents\Tristan\httpe\edoi\httpe_server.py", line 418, in _handle_client
    timestamp = datetime.fromisoformat(timestamp)
ValueError: Invalid isoformat string: '2025-06-11 06:45:03.647500+00:00END'
[I]2025-06-11T08:45:07Z: Request to /hello-world by ('127.0.0.1', 65351). Header: {'client_id': '663ba408-b5a2-4d8c-9b45-f664301f3339', 'packet_id': 'b8504dfe-eac8-42be-af9b-37cfd7a6d190', 'is_com_setup': 'False', 'timestamp': '2025-06-11 06:45:05.648624+00:00', 'compressions': 'false'} Body: 
[I]2025-06-11T09:23:11Z: Internal server error: Invalid isoformat string: '2025-06-11T07:23:09.749449+00:00END'
Traceback (most recent call last):
  File "C:\Users\Awesome Kuhn Family\Documents\Tristan\httpe\edoi\httpe_server.py", line 418, in _handle_client
    timestamp = datetime.fromisoformat(timestamp)
ValueError: Invalid isoformat string: '2025-06-11T07:23:09.749449+00:00END'
[I]2025-06-11T09:23:13Z: Request to /hello-world by ('127.0.0.1', 52272). Header: {'client_id': '2543ace3-cec2-43f8-bb17-dd64004d10bd', 'packet_id': 'f0dde8eb-c448-4d34-bf1f-f8a24c3f6a4a', 'is_com_setup': 'False', 'timestamp': '2025-06-11 07:23:11.678273+00:00', 'compressions': 'false'} Body: 
[I]2025-06-11T10:42:41Z: Request to None by ('127.0.0.1', 58372). Header: {'aes_key': 'k2+zHO3c8R8wyiUqDfmehZr4sDe/zC22WFUv/oZKBQTrLqNcA4uBxbUaiX0Ug+iQZkCOz4hxzDEbgsUoKhqd0DK6ck68ORGCLtIArQCjxUOZUTzhDyBWk79x/ZKmziyNfwsOCLafEPD+A838l7TOm9cmoo0A/So4gdlD1OSxxfcaGBq2rRlDOg1/FEE3Pw2eN+pdlNDL03xmhGATeswdMpDFfhodSKjMbC0jps9/xm5wjO81UPxRsAkQhV4kisGe91pMGS4yrTgvJxr0mvXd2uqUfiEGB9OYrcWv1jv/QlQZOyminJi1dl5xqbgGIHb+yFyG0La5EDTyiyTf7mohDw==', 'user_id': 'XjEpaaULXFZ0GcWSaaG4AYm3T0A/XUbrhsiOVUIRaLZSMAR5+pxgzYqkP8PQ+Sw8Z4H6MTZWlQFJcLv1l+sTysm0xy7dDWWCRt2/MAndtTrUjS7kDJT9DKmdisww2PqP9nx8k3u0w2kjXtdaxcyQ4L1NJv0YlNep71HZLkuTzF+pYTUkFyIGlxIlWEfRglJ5PieEJ+vEK1nXoj0si0Ef7AcAUxz2xb/B+00enmL3fqJ1FSSmNMYKaq6rP+I0JpKVzesq6h3o3p6ky1xIXoML3FXVvszCd3MiPTurqSf7mvlSrdaM+roQkR9pu21kZJyMRZ4/dsb24Vp1geh+491U0A==', 'packet_id': 'e96f8a43-65b6-4047-8bfa-298ff4c722ce', 'timestamp': '2025-06-11T08:42:39.690390+00:00'} Body: 
[I]2025-06-11T10:42:43Z: Request to /hello-world by ('127.0.0.1', 58483). Header: {'client_id': '35d3a493-e2b0-4d18-90ea-b425f667e816', 'packet_id': 'b203ebe0-f1a6-42c4-9e4a-4e611c493eaa', 'is_com_setup': 'False', 'timestamp': '2025-06-11 08:42:41.728000+00:00', 'compressions': 'false'} Body: 
[I]2025-06-11T10:44:04Z: Request to None by ('127.0.0.1', 60898). Header: {'aes_key': 'f30XpJZXY0CHrhgunkYZytx+iFQ7jNdsCe2WTzrMNyULWEl8j+NJCtpwy1k3Z2aQBxMQfG1lfUp7OVB5aiuSXyhSoUCnNU0ECcMUX7QS4z9aJ8DJhB0OlnqzQW7FSzt47NxwDG6EbFXsOu1i2feHTwykCsAEq91Nye7RtczblVPPIvz2LQ/Xr1jRFgwtrq/csEgLhlSMt6xVrzm/c5oCPgeGo2sbj4pCMzxrM6Im1/ia43wEEIHEV3QvHQR3bYRMZMboVCCdQxRNMU17AvPH/apTx09kf4RVZvIbKVTEt9Bx6CVCxPpkTQIqtiLLCX+pf0l8V/Lfc5UbSDsyZzcNGg==', 'user_id': 'W0YR15a02ZH4RucojId6y1TDOnyNWV2uXor0fpOtMgFOrlqsRzKgJMmYCDqq28v0XRBa5jW1rv11bIjKGUJ1tfniNNaUoao80uuL72ZDcLn+3WZazUU5S1wzPTdNScdq2UMntmtWtmnuPzcMd704dsD5Nly/re+xlOvU8wJTrV646UZUwss+J7X1rVE6RUjcf2THAXHXZ+MJe9LDFoGjvlfuUmEbC6ArQaEVJrhJEcxfxd0vaJfjke6+Ank7QL+WUjQcOMiTjY8tnzi04ONUfOV8rwc9G7OdMYf0xJO53ayVGMTCEyaMCxwWdlioum3eMiWeHzEnInAfjZFNmSWryQ==', 'packet_id': '17d72011-c6fe-4cf2-b3b3-10af1bb2fa28', 'timestamp': '2025-06-11T08:44:02.684405+00:00'} Body: 
[I]2025-06-11T10:44:06Z: Request to /PTS by ('127.0.0.1', 61023). Header: {'client_id': 'eb272e77-49ac-49ec-b41b-a6acd5d3989e', 'packet_id': 'f3a6a565-3337-4c9f-854a-9a5e71c80228', 'is_com_setup': 'False', 'timestamp': '2025-06-11 08:44:04.758869+00:00', 'compressions': 'false'} Body: {"data": "12234"}

[I]2025-06-11T10:45:11Z: Request to None by ('127.0.0.1', 63192). Header: {'aes_key': 'LKj7vuoy+u8+N7r+vD4A65zH7OFxrft+iu44WHzcmeQfJiLoSN8tpHhFQ86WRbMj3sEegOsGblaeYcrtQ0XUfIVJ6KS9XYQ+8ndd4OTMU0Hbiys7dhRKjXkwk+M7r8xhRxhq8MX5IPEdETaGosWpTCFQ7gHMpO6gQDWmS6C2Kc3zPW7dzkZaCuK7ICCNyMqMu/yqOlT2ds0T0+28Ji1Zq/RmGzkSTXyHMe0elpvU6OJJwNNo8w4SpJXpv49VwCBaL/AEkmSR6hma77wA0BtGTRaKEl8kijsfJJ4liFLVvYJqPVgVTWZMHYI5kiDEatij5Yrp21Q4t8Wp/WQHjI6x4w==', 'user_id': 'cEGdWNC9adlrUiUhv4ddyyJN4+/Bt9GOLM9USFkUw1LEHok57ANHLQHB1NlFLUDKVIkrcRsBGLu5vZVA9iytY5zOAc65YjxR0YraGKfD0DMPrikYXlTMWTUPsqheT5cLrOnBDSHaU+WCAVRy69Wc6uhakwj8dzgVnM0w3dTO1iedbMz0ET8kvWILFDBzpQyL9YzNRZIwA+13Goxi8HF2lnyp6B4qPozAaADjto/jOtAFoO6/b6EeSBX0Kf4nSmRePppo4ABxF+Vq+KRMhiNigr6uRHv90lYQphfQ/IYxOgJtHypxSGSsrtNyZsUdAtUlYG/nPksTmxEcyix3zGU2nw==', 'packet_id': '14fc50c5-82e6-463c-97f9-3e00b9c3a624', 'timestamp': '2025-06-11T08:45:09.295494+00:00'} Body: 
[I]2025-06-11T10:45:13Z: Request to /PTS by ('127.0.0.1', 63290). Header: {'client_id': '30db6b29-03fd-4170-99dd-108a51e84cbf', 'packet_id': 'eb9d75a5-30d6-4634-8fdd-9da442802226', 'is_com_setup': 'False', 'timestamp': '2025-06-11 08:45:11.394311+00:00', 'compressions': 'false'} Body: {"data": "12234"}

[I]2025-06-11T10:47:24Z: Request to None by ('127.0.0.1', 49762). Header: {'aes_key': 'XYpPqjb1T4GiOv3PWW0UIVw57zP5H+h0Yi0Fh6MZrgtA03J5DLyiqEioA3KaKleSDI4jame0YHN49CscRuI0shwM2t++6fFq1JjCRn37bwx6DcTZpXN//9tpwflJeNhOsgOZ3W12MYG8v2U+yv02aXqD6pmU3e0UH4q2a3MvzxM0FaJCNjQSyJlmEBzPPNvDJNeMLlHju6yjMEGp80XiWOWsm0oDFd1HrEV18HC79mwgwjm+62kj4i3DPmvw33P1ISrV3L2ZpWydR8jEmoccs7f/FzibiGOyYcZmrKiTgbd147hrf9amj0fTdY7mqRUgRUU7iH7Q5i+t6V/zDFBCqQ==', 'user_id': 'gHro3cNGnvYuYN47PfnKeWH7DF/WuK+ugxyAoQY/RWR/EEH+d/tqFLBeiuM9O1O3BwigAT3XboPJRfdQ4jwgT016q4hLm/+of3/OH7mZPvmpHjzKs007xI1FYucHrtByCyFusVda2kfcr1PG+EuVuFCkCU6cJQmOXzjqzyznseP7H1MVEAfeMuff8mnUpfbcf4+l+4BShIYTpZZUdVdraRj+N34PGo12ybsG63WMQFXfFTNv0NXDGHq+oqonQERa1aMT+Wel4lagdRdkr7NpV6Pi89dsyZ5tUb4/r2MGt9OStYqYTnrZBXxTTXGj2AD7ZK3ZpQuyDO30PPXIp5a/GQ==', 'packet_id': 'bd9aab50-8706-48b1-816b-8d5bce0f9030', 'timestamp': '2025-06-11T08:47:22.472469+00:00'} Body: 
[I]2025-06-11T10:47:26Z: Request to /PTS by ('127.0.0.1', 49972). Header: {'client_id': '210c43d6-6149-440b-8a94-903510a1c5f5', 'packet_id': '02aeee15-e042-4a4e-9176-4f22dbe5f924', 'is_com_setup': 'False', 'timestamp': '2025-06-11 08:47:24.519866+00:00', 'compressions': 'false'} Body: {"data": "12234"}

[I]2025-06-11T10:48:43Z: Request to None by ('127.0.0.1', 52660). Header: {'aes_key': 'acY2kngthf73LXvyREwOW9aqrCXnqOPQ8O6qyfOZTLQH5l29Q6PVBDUTmyNwxCeEwqOkZE0spPj/uBs32p+hFqs0Ynwju+mPoqkTBZHcTQzCupACqMROod4dyx9AxRw7gaxB3emZVINjLSLbXmvbofBDpcjSi/yFmKgXjCddbAVYQ5+aS/VvlfkrZiKyECg5920BmVF9BtQCwqjgbBLvk0vptjY67w2m3+7wYMlWeGq5KVFJ0L0jWYchF24QzbttQka27yhYYRFJqOLWXNkXqB45BrrlJStFRYgJlNEUI1JgBeCGoqoPr5DWpbjqFVrzMlb7aEvvdBIhB7aAnLr7bw==', 'user_id': 'INXjxp/d2/CJocS3ctc4vBP6no0/kJ22tu2UkGwjBj/GjuLipGQ3BKQwAl85NSlXq/S8aUpCGdgSzTMkOOcSDXDc5Jdz2GQ3GLNGrDwJvXFlvFFB6rBYJAMNkf9ABxVUSdr4aZcRFgoA3vzyVB/Yq9/zlFFCAUBwgE5QvdgRefRWhxa8QbBgxdtYse78mLaeZIDVkvTDuIFosQ66SXiwTU7b3ESB1Lo3OVXCGWP1R/UQpcLN1t8k4zeYp8X7N8U7PYTYnd0plznP/baJowtFNQACw2Htx4T6C4uaUHwaY/MW9a2MoOKzmYhw2TUKESWXPdsMB7QvOInjGYwBRUk3hw==', 'packet_id': 'c0ae920b-9a52-479b-b21e-bd22636dec72', 'timestamp': '2025-06-11T08:48:41.814991+00:00'} Body: 
[I]2025-06-11T10:48:45Z: Request to /PTS by ('127.0.0.1', 52772). Header: {'client_id': '8ede2e54-feb4-402d-b114-9eaa0297cf9a', 'packet_id': '981afa5f-d1fa-4271-a6f8-05aba29f65bd', 'is_com_setup': 'False', 'timestamp': '2025-06-11 08:48:43.858130+00:00', 'compressions': 'false'} Body: {"data": "12234"}

[I]2025-06-11T10:54:48Z: Request to None by ('127.0.0.1', 55305). Header: {'aes_key': 'gR9DizJ3VSLrZ+hSMbhGj5RqqHC9lOysCHqj/Sn/b35ODPBerrjs4GmP/xKOSAYH2IfrLSMSLRnybyX8i/EnLcwm6DOhRnTH9zW3jnLajfnCuLYB4Eev4wu+b62yxnYvlU2muoE4pmntTCcA0mkrHVrSZfSENd1cv29zF+ydjG83etQnYUxtMavrjb1/iwNHXpNgPH3xb310gW7JS8fZWC8zBt5GDfuQcYZ7MdjIlezh4JRq5GxcTimnPNpAP9eqIt8X0DeGUSS9C6UGORLSDEsUcugywXy0inv33wnL8NLiLH1XwlX8WDByT1jWB7OeI7RkkpQIWlwEO0zRIkbN8A==', 'user_id': 'AaXVQN4/JbP7LVWTfAxkCtkt71MvZfTF+EvapugoQ7lOhV6VffoskaL0xogeo6UgiXjmOlji1UmPqzgZ81DutRDm2TMkcAj66VNOausrcGaYeMYqKXnSS3wVliF0tWZjSDTm4Jou4GPQkILnbuhwH1HNNEtDdCElUW4cKGR3sARxfueRn2GKlwRPKbGpzAE/g1ozcDpEpB90YwlkrYdHLcWS1Lbc50N3nBLX+FuOZPezJ5Qu2P9332VPGjUM/PIwZtYrUxrLhbDP3vf4Z+LRatBez3JkAsAkwbFMZleVkhvz2B3Muao0D8l1waoPYWdQPvCyZJMtQRtj6v3eIzcfYg==', 'packet_id': '27cc4522-cbd8-4ddd-ba91-bb2ef25b531f', 'timestamp': '2025-06-11T08:54:46.106180+00:00'} Body: 
[I]2025-06-11T10:54:50Z: Request to /PTS by ('127.0.0.1', 55457). Header: {'client_id': '3025512f-ca2f-4bc8-8e4a-7f40a2094a9a', 'packet_id': '81968e22-cbcf-4f1c-82f1-404237d64846', 'is_com_setup': 'False', 'timestamp': '2025-06-11 08:54:48.286394+00:00', 'compressions': 'false'} Body: {"data": "12234"}

[I]2025-06-11T10:58:11Z: Request to None by ('127.0.0.1', 62451). Header: {'aes_key': 'Eb0uNuvQJ26gyNGmHz2ACNrkXeQn8sMP7YxFMrEvZIW0r7qVDcuTy3vA04enPmFzMd2PDYV60xgXRswlHnSuOhA6nJM7is8KcibsW3h9OFkWzpVju2mNxvEq3/qddoulhtWiCsC7BsFR97JECyIy69ZMKsMjbFDpvop8LDJ639ojJx4CKE9b7WmOwyWpHoB804uohCjUjzNqOF+2unQmDHFV89Els5MziIA8Ia69ZpJ6cFQR2rl7Z7SmRS8iczncAKUbW0dq3mK+mZjYk6HnFt+bWMA2CWRhAfexW4R6LBoK/qdxkR+zFj2BqNQwREohMh9bdRmt6c74WFOj3pkhlQ==', 'user_id': 'GK4SJptQZFtpnP8uyFiJW+aMmNtlIdKerzdgavJoq3+o3oLdHMy0koBztzEqDWdgYk12bT6MCc/unB5m10Agxsk8LfwpCgCmhBeW5GDy+0RTGJmBj6lNiyMmAzf8Can4oRl+5LBbAhNkhp3tKIhH+Vn2jmbVcGBBQsYY4CmETHxIMArTWLYzzEnYyAgIQa2TovTueCW4vO9UmtO3UuFPH1dHNPQcfg63X7ggQhfRNDNP0pCJaMR6sM4k6QASunmo26c4fpq24aXFZ8qTKdQA69y8bEAKs8YnfzjaY23Tls6gOonddx27AMD8HaNr/YEHOKTRwLGNuUAbJVZGn2wE/A==', 'packet_id': '201a0e31-3460-4155-b6d9-8002c5342f0b', 'timestamp': '2025-06-11T08:58:09.956290+00:00'} Body: 
[I]2025-06-11T10:58:14Z: Request to /PTS by ('127.0.0.1', 62646). Header: {'client_id': 'd3c4b5ca-e3f8-468c-944a-57b7b2f0f588', 'packet_id': '07f6b015-574a-467f-a977-df9e53227bd1', 'is_com_setup': 'False', 'timestamp': '2025-06-11 08:58:12.223172+00:00', 'compressions': 'false'} Body: {"data": "12234"}

[I]2025-06-11T11:04:32Z: Request to None by ('127.0.0.1', 65365). Header: {'aes_key': 'KaMqGSALhOoHrUcL3IGzEMzxAvN5cP/Oy2h2UDnOgWJF3edjqodg34ukZaYb9ABJTGkJqo09Q4tgcWFXi949vnPPQT7aGMQl3tqkxCVk2RWIfMK81yHME3em/D6atKX7CF1kOFxtTtYT5g6HFnknUfOL4bMSc+NN1WGqAQD6NbC6VMZQUiFvBRwXN0A2klutzefWhGHmKFVRcaaH1cbPUV/gQEcHmpjGa91uLBBNWsTd9H/ENWkmat4NW897DdDVVAnoSCjci1d9asZjyCjIqfxB0bzpB6IrLYVeaSGsUxavctFWfYaRDjBQ4f4XfF4kAqhlUwL4yzUNoNMG7vT9wA==', 'user_id': 'EdgUuZ7M8eMYMkmsiyK5l0TBSnAYze6CMuXXuHLvYAHd7PBVSTplgEU6ByBuiMsffiWEpi9xFJgmmIKNwILbS2Ya91t3/RA267Kek6R6Aob+oIN8+qTW2Y2UQ/+oIcwtsQQMkDGWOVkDiVmQS7w4ReuYFF+6uBMP9kyI8oG2KUwuP5tce6mlgEaiBVBQRDSC49HkiQbyMIRaxA2kn5n5D4brP0/QBkaJoAieJcM5qqUeoediNWNDKHaa9osguZRzuQu3Pa7UwAkj49s4yoBRaYC1pIOW/g2mEY3ww/ZP3NsM3WpFlLuppKrdulkJUekPMBLXfKd5Hy6L+wlYlgszCg==', 'packet_id': '4eb572ae-37e4-4d96-a9ec-3f7afc06d329', 'timestamp': '2025-06-11T09:04:30.206540+00:00'} Body: 
[I]2025-06-11T11:04:34Z: Request to /PTS by ('127.0.0.1', 49367). Header: {'client_id': '2436f759-babe-48fa-ade7-e430d7834d1a', 'packet_id': 'f808f0be-b3b5-4b2c-8f3e-abd0f84f7921', 'is_com_setup': 'False', 'timestamp': '2025-06-11 09:04:32.314125+00:00', 'compressions': 'false'} Body: {"data": "12234"}

[I]2025-06-11T11:05:38Z: Request to /PTS by ('127.0.0.1', 52136). Header: {'client_id': 'b152bc4d-800c-46a5-a8e2-ce1e3b78b73b', 'packet_id': 'e48f8a96-017a-4fd8-bb94-f6413ccc85ad', 'is_com_setup': 'False', 'timestamp': '2025-06-11 09:05:36.434310+00:00', 'compressions': 'false'} Body: {"data": "12234"}

[I]2025-06-11T11:47:30Z: Request to /PTS by ('127.0.0.1', 57814). Header: {'client_id': '6faaf065-c9ae-463d-9f5f-6372de3536cc', 'packet_id': '4c199006-b63f-4368-9a86-70953977584b', 'is_com_setup': 'False', 'timestamp': '2025-06-11 09:47:28.495418+00:00', 'compressions': 'false'} Body: {"data": "12234"}

[I]2025-06-11T11:50:29Z: Request to /PTS by ('127.0.0.1', 65033). Header: {'client_id': 'a98a2b93-a3f5-4ae0-a711-e14c0504c607', 'packet_id': '9a19999d-e7ba-4f62-b7c6-0df1defdee36', 'is_com_setup': 'False', 'timestamp': '2025-06-11 09:50:28.083333+00:00', 'compressions': 'false'} Body: {"data": "12234"}

[I]2025-06-11T11:50:43Z: Request to /PTS by ('127.0.0.1', 51766). Header: {'client_id': '872acd9a-f8da-4309-a4b5-4206b2d0878f', 'packet_id': 'aaf966d2-0c00-4458-98a1-9e709a4ffe91', 'is_com_setup': 'False', 'timestamp': '2025-06-11 09:50:41.449494+00:00', 'compressions': 'false'} Body: {"data": "12234"}

[I]2025-06-11T13:29:35Z: Request to /PTS by ('127.0.0.1', 55162). Header: {'client_id': 'da2858a0-43e5-4a3a-8955-b9b72c117936', 'packet_id': 'ca3d71a0-62c6-4a38-8bc7-e61e36ab0ae2', 'is_com_setup': 'False', 'timestamp': '2025-06-11 11:29:33.884165+00:00', 'compressions': 'false'} Body: {"data": "12234"}

[I]2025-06-11T13:31:39Z: Request to /PTS by ('127.0.0.1', 59737). Header: {'client_id': 'dbdd4817-e8fb-41fe-bd20-3840a93d0fc7', 'packet_id': 'efaf5d7b-304a-46a0-afbd-e606dfe489c3', 'is_com_setup': 'False', 'timestamp': '2025-06-11 11:31:38.134657+00:00', 'compressions': 'false'} Body: {"data": "12234"}

[I]2025-06-11T13:50:35Z: Request to /PTS by ('127.0.0.1', 52957). Header: {'client_id': 'c5a9fc68-466e-4296-998d-8f2e0219f349', 'packet_id': '0285bd1c-9c1c-490d-bd48-9971531e888d', 'is_com_setup': 'False', 'timestamp': '2025-06-11 11:50:33.733899+00:00', 'compressions': 'false'} Body: {"data": "12234"}

[I]2025-06-11T13:51:12Z: Request to /PTS by ('127.0.0.1', 55634). Header: {'client_id': 'baccf216-1643-4934-9fbe-4207eb5d9ca0', 'packet_id': '7b86721a-12d8-4732-90a4-fe0e194a17e1', 'is_com_setup': 'False', 'timestamp': '2025-06-11 11:51:11.129385+00:00', 'compressions': 'false'} Body: {"data": "12234"}

[I]2025-06-11T13:51:35Z: Request to /PTS by ('127.0.0.1', 58335). Header: {'client_id': 'f8bba84a-d4bc-4c52-97c1-cc2493ee7e49', 'packet_id': '30de6130-8d83-4070-a310-fbee987ad57c', 'is_com_setup': 'False', 'timestamp': '2025-06-11 11:51:33.853222+00:00', 'compressions': 'false'} Body: {"data": "12234"}

[I]2025-06-11T13:53:51Z: Request to /PTS by ('127.0.0.1', 61104). Header: {'client_id': '9c4cc942-0c20-475d-b3f1-4f3780d4f246', 'packet_id': '62e54a1e-0b00-4eda-8683-8e010c4454db', 'is_com_setup': 'False', 'timestamp': '2025-06-11 11:53:49.377916+00:00', 'compressions': 'false'} Body: {"data": "12234"}

[I]2025-06-11T14:04:45Z: Request to /PTS by ('127.0.0.1', 63557). Header: {'client_id': '07f03241-08e5-49dc-86ef-d9cd57b8e3c5', 'packet_id': '7acc834a-5bae-499a-ae20-01c0dcae056d', 'is_com_setup': 'False', 'timestamp': '2025-06-11 12:04:44.203233+00:00', 'compressions': 'false'} Body: {"data": "12234"}

[I]2025-06-11T14:05:39Z: Request to /PTS by ('127.0.0.1', 49602). Header: {'client_id': '342012c7-c2fc-4a20-bce7-d4e3192d406a', 'packet_id': '51e317a0-2196-4557-8ff8-a0602e21ec6a', 'is_com_setup': 'False', 'timestamp': '2025-06-11 12:05:37.821452+00:00', 'compressions': 'false'} Body: {"data": "12234"}

[I]2025-06-11T14:11:53Z: Request to /PTS by ('127.0.0.1', 52251). Header: {'client_id': 'a311b2a5-333a-4eba-97d8-cfdd0154a877', 'packet_id': '38c46195-a4d3-4165-8c74-539645bf3f57', 'is_com_setup': 'False', 'timestamp': '2025-06-11 12:11:51.893326+00:00', 'compressions': 'false'} Body: {"data": "12234"}

[I]2025-06-11T14:12:32Z: Request to /PTS by ('127.0.0.1', 54724). Header: {'client_id': 'c219e1ee-8e2c-4513-a131-d7de9e0f30ba', 'packet_id': '5d6c76c3-4b9c-4318-b328-dc3de30eddc5', 'is_com_setup': 'False', 'timestamp': '2025-06-11 12:12:30.992739+00:00', 'compressions': 'false'} Body: {"data": "12234"}

[I]2025-06-11T14:13:17Z: Request to /PTS by ('127.0.0.1', 57084). Header: {'client_id': '726f2de2-6fac-458f-ae71-6547d019da80', 'packet_id': '913f4ee3-8534-4e3b-98ff-dd4227d57c58', 'is_com_setup': 'False', 'timestamp': '2025-06-11 12:13:15.677887+00:00', 'compressions': 'false'} Body: {"data": "12234"}

[I]2025-06-11T14:14:16Z: Request to /PTS by ('127.0.0.1', 59397). Header: {'client_id': 'fe263dcd-9465-45be-8e30-332ff17eaf21', 'packet_id': '7476aef1-ceab-401f-bba7-f6ea292eb845', 'is_com_setup': 'False', 'timestamp': '2025-06-11 12:14:14.283356+00:00', 'compressions': 'false'} Body: {"data": "12234"}

[I]2025-06-11T14:15:07Z: Request to /PTS by ('127.0.0.1', 61825). Header: {'client_id': '5b27d3a6-0eeb-46c7-a1ad-7e47106febc6', 'packet_id': '7e8cd128-e376-4cf6-b381-ea83a277ab31', 'is_com_setup': 'False', 'timestamp': '2025-06-11 12:15:05.635757+00:00', 'compressions': 'false'} Body: {"data": "12234"}

[I]2025-06-11T14:15:09Z: Request to /PTS by ('127.0.0.1', 61917). Header: {'client_id': '5b27d3a6-0eeb-46c7-a1ad-7e47106febc6', 'packet_id': '01e86d75-a64b-4692-af74-2df92a1c8153', 'is_com_setup': 'False', 'timestamp': '2025-06-11 12:15:07.504152+00:00', 'compressions': 'false'} Body: {"data": "12234"}

[I]2025-06-11T14:15:11Z: Request to /PTS by ('127.0.0.1', 62009). Header: {'client_id': '5b27d3a6-0eeb-46c7-a1ad-7e47106febc6', 'packet_id': '762cd1fb-547d-455c-a3ca-becaa715120a', 'is_com_setup': 'False', 'timestamp': '2025-06-11 12:15:09.361920+00:00', 'compressions': 'false'} Body: {"data": "12234"}

[I]2025-06-11T14:15:12Z: Request to /PTS by ('127.0.0.1', 62102). Header: {'client_id': '5b27d3a6-0eeb-46c7-a1ad-7e47106febc6', 'packet_id': '01bedb60-bee4-49b9-a692-7aa7791e8aec', 'is_com_setup': 'False', 'timestamp': '2025-06-11 12:15:11.211442+00:00', 'compressions': 'false'} Body: {"data": "12234"}

[I]2025-06-11T14:15:14Z: Request to /PTS by ('127.0.0.1', 62193). Header: {'client_id': '5b27d3a6-0eeb-46c7-a1ad-7e47106febc6', 'packet_id': 'b938f500-7490-4beb-a3fd-6e6ec795b2d4', 'is_com_setup': 'False', 'timestamp': '2025-06-11 12:15:13.029521+00:00', 'compressions': 'false'} Body: {"data": "12234"}

[I]2025-06-11T14:15:16Z: Request to /PTS by ('127.0.0.1', 62287). Header: {'client_id': '5b27d3a6-0eeb-46c7-a1ad-7e47106febc6', 'packet_id': 'f91d73a2-b672-4a88-805e-462f9d1d8b2b', 'is_com_setup': 'False', 'timestamp': '2025-06-11 12:15:14.890104+00:00', 'compressions': 'false'} Body: {"data": "12234"}

[I]2025-06-11T14:15:18Z: Request to /PTS by ('127.0.0.1', 62378). Header: {'client_id': '5b27d3a6-0eeb-46c7-a1ad-7e47106febc6', 'packet_id': 'c4c1279b-eb35-4d2a-9656-930b7245678c', 'is_com_setup': 'False', 'timestamp': '2025-06-11 12:15:16.738065+00:00', 'compressions': 'false'} Body: {"data": "12234"}

[I]2025-06-11T14:15:20Z: Request to /PTS by ('127.0.0.1', 62470). Header: {'client_id': '5b27d3a6-0eeb-46c7-a1ad-7e47106febc6', 'packet_id': 'ba853410-4b39-467e-926e-736f25237147', 'is_com_setup': 'False', 'timestamp': '2025-06-11 12:15:18.592410+00:00', 'compressions': 'false'} Body: {"data": "12234"}

[I]2025-06-11T14:15:22Z: Request to /PTS by ('127.0.0.1', 62562). Header: {'client_id': '5b27d3a6-0eeb-46c7-a1ad-7e47106febc6', 'packet_id': '4f76a518-1465-42c8-a4d1-407537acf60d', 'is_com_setup': 'False', 'timestamp': '2025-06-11 12:15:20.452597+00:00', 'compressions': 'false'} Body: {"data": "12234"}

[I]2025-06-11T14:15:24Z: Request to /PTS by ('127.0.0.1', 62654). Header: {'client_id': '5b27d3a6-0eeb-46c7-a1ad-7e47106febc6', 'packet_id': 'b86e4f71-3a2f-47d2-92a6-1f8a6d7e3460', 'is_com_setup': 'False', 'timestamp': '2025-06-11 12:15:22.307302+00:00', 'compressions': 'false'} Body: {"data": "12234"}

[I]2025-06-11T14:15:58Z: Request to /PTS by ('127.0.0.1', 65110). Header: {'client_id': '9d3ba41d-94d0-4064-92c3-aa778aa5ee63', 'packet_id': 'd0e3725d-ffbe-440e-bf41-795ab8f070c2', 'is_com_setup': 'False', 'timestamp': '2025-06-11 12:15:56.593288+00:00', 'compressions': 'false'} Body: {"data": "12234"}

[I]2025-06-11T14:16:00Z: Request to /PTS by ('127.0.0.1', 65203). Header: {'client_id': '9d3ba41d-94d0-4064-92c3-aa778aa5ee63', 'packet_id': '488ded63-30a6-491a-9390-40a0958806f6', 'is_com_setup': 'False', 'timestamp': '2025-06-11 12:15:58.431167+00:00', 'compressions': 'false'} Body: {"data": "12234"}

[I]2025-06-11T14:16:02Z: Request to /PTS by ('127.0.0.1', 65295). Header: {'client_id': '9d3ba41d-94d0-4064-92c3-aa778aa5ee63', 'packet_id': '1fce8a51-b4eb-4cde-b33d-94d27ecc7426', 'is_com_setup': 'False', 'timestamp': '2025-06-11 12:16:00.276172+00:00', 'compressions': 'false'} Body: {"data": "12234"}

[I]2025-06-11T14:16:03Z: Request to /PTS by ('127.0.0.1', 65387). Header: {'client_id': '9d3ba41d-94d0-4064-92c3-aa778aa5ee63', 'packet_id': '5b3803ef-8a07-4dac-aad9-c6dc88efdbff', 'is_com_setup': 'False', 'timestamp': '2025-06-11 12:16:02.089780+00:00', 'compressions': 'false'} Body: {"data": "12234"}

[I]2025-06-11T14:16:05Z: Request to /PTS by ('127.0.0.1', 65478). Header: {'client_id': '9d3ba41d-94d0-4064-92c3-aa778aa5ee63', 'packet_id': '48dc88bd-ea2b-4017-94ab-50443422a98b', 'is_com_setup': 'False', 'timestamp': '2025-06-11 12:16:03.907697+00:00', 'compressions': 'false'} Body: {"data": "12234"}

[I]2025-06-11T14:16:07Z: Request to /PTS by ('127.0.0.1', 49187). Header: {'client_id': '9d3ba41d-94d0-4064-92c3-aa778aa5ee63', 'packet_id': '9007e388-a551-4092-9c42-0d995f997fd2', 'is_com_setup': 'False', 'timestamp': '2025-06-11 12:16:05.761324+00:00', 'compressions': 'false'} Body: {"data": "12234"}

[I]2025-06-11T14:16:09Z: Request to /PTS by ('127.0.0.1', 49280). Header: {'client_id': '9d3ba41d-94d0-4064-92c3-aa778aa5ee63', 'packet_id': '81b3f1e3-68f6-413c-b298-4691a3808e07', 'is_com_setup': 'False', 'timestamp': '2025-06-11 12:16:07.630102+00:00', 'compressions': 'false'} Body: {"data": "12234"}

[I]2025-06-11T14:16:11Z: Request to /PTS by ('127.0.0.1', 49371). Header: {'client_id': '9d3ba41d-94d0-4064-92c3-aa778aa5ee63', 'packet_id': 'aec11a81-0cac-4498-ae98-ea40008fa7de', 'is_com_setup': 'False', 'timestamp': '2025-06-11 12:16:09.457104+00:00', 'compressions': 'false'} Body: {"data": "12234"}

[I]2025-06-11T14:16:13Z: Request to /PTS by ('127.0.0.1', 49463). Header: {'client_id': '9d3ba41d-94d0-4064-92c3-aa778aa5ee63', 'packet_id': 'ec42e203-a748-4f98-a7ce-6bf9f698c7f0', 'is_com_setup': 'False', 'timestamp': '2025-06-11 12:16:11.289361+00:00', 'compressions': 'false'} Body: {"data": "12234"}

[I]2025-06-11T14:16:14Z: Request to /PTS by ('127.0.0.1', 49556). Header: {'client_id': '9d3ba41d-94d0-4064-92c3-aa778aa5ee63', 'packet_id': 'a0f07132-f369-4669-bd69-c3fe0641adfa', 'is_com_setup': 'False', 'timestamp': '2025-06-11 12:16:13.168117+00:00', 'compressions': 'false'} Body: {"data": "12234"}

[I]2025-06-11T14:16:54Z: Request to /PTS by ('127.0.0.1', 52141). Header: {'client_id': 'e72790fc-b95a-4b89-ad36-af70bbcf8eeb', 'packet_id': 'c70f6a80-8ca2-4ed5-a04c-bd22f739c36a', 'is_com_setup': 'False', 'timestamp': '2025-06-11 12:16:52.921569+00:00', 'compressions': 'false'} Body: {"data": "12234"}

[I]2025-06-11T14:16:56Z: Request to /PTS by ('127.0.0.1', 52232). Header: {'client_id': 'e72790fc-b95a-4b89-ad36-af70bbcf8eeb', 'packet_id': '1944b928-025f-46d9-b5dd-dac178fee007', 'is_com_setup': 'False', 'timestamp': '2025-06-11 12:16:54.766233+00:00', 'compressions': 'false'} Body: {"data": "12234"}

[I]2025-06-11T14:16:58Z: Request to /PTS by ('127.0.0.1', 52324). Header: {'client_id': 'e72790fc-b95a-4b89-ad36-af70bbcf8eeb', 'packet_id': '79fc2240-08b3-4e8d-930a-2deb6297427b', 'is_com_setup': 'False', 'timestamp': '2025-06-11 12:16:56.602668+00:00', 'compressions': 'false'} Body: {"data": "12234"}

[I]2025-06-11T14:17:00Z: Request to /PTS by ('127.0.0.1', 52518). Header: {'client_id': 'e72790fc-b95a-4b89-ad36-af70bbcf8eeb', 'packet_id': '3d885a61-a0ea-4de0-9ba8-4ff034f7432a', 'is_com_setup': 'False', 'timestamp': '2025-06-11 12:16:58.461789+00:00', 'compressions': 'false'} Body: {"data": "12234"}

[I]2025-06-11T14:17:02Z: Request to /PTS by ('127.0.0.1', 52611). Header: {'client_id': 'e72790fc-b95a-4b89-ad36-af70bbcf8eeb', 'packet_id': 'de333af3-9621-4e1d-8cf3-bb660180c638', 'is_com_setup': 'False', 'timestamp': '2025-06-11 12:17:00.352324+00:00', 'compressions': 'false'} Body: {"data": "12234"}

[I]2025-06-11T14:17:03Z: Request to /PTS by ('127.0.0.1', 52703). Header: {'client_id': 'e72790fc-b95a-4b89-ad36-af70bbcf8eeb', 'packet_id': '31a7f9af-e41a-4158-b23b-5246d5ca8b2e', 'is_com_setup': 'False', 'timestamp': '2025-06-11 12:17:02.182092+00:00', 'compressions': 'false'} Body: {"data": "12234"}

[I]2025-06-11T14:17:05Z: Request to /PTS by ('127.0.0.1', 52794). Header: {'client_id': 'e72790fc-b95a-4b89-ad36-af70bbcf8eeb', 'packet_id': '5582bdff-2232-4a1e-b088-58a42d23bfd9', 'is_com_setup': 'False', 'timestamp': '2025-06-11 12:17:04.010328+00:00', 'compressions': 'false'} Body: {"data": "12234"}

[I]2025-06-11T14:17:07Z: Request to /PTS by ('127.0.0.1', 52887). Header: {'client_id': 'e72790fc-b95a-4b89-ad36-af70bbcf8eeb', 'packet_id': 'd3fbbbf4-f9be-44c9-9afd-5197b2a63cc1', 'is_com_setup': 'False', 'timestamp': '2025-06-11 12:17:05.923029+00:00', 'compressions': 'false'} Body: {"data": "12234"}

[I]2025-06-11T14:17:09Z: Request to /PTS by ('127.0.0.1', 52978). Header: {'client_id': 'e72790fc-b95a-4b89-ad36-af70bbcf8eeb', 'packet_id': '2f54168e-07fa-41fb-9532-efe0cb776803', 'is_com_setup': 'False', 'timestamp': '2025-06-11 12:17:07.750163+00:00', 'compressions': 'false'} Body: {"data": "12234"}

[I]2025-06-11T14:17:11Z: Request to /PTS by ('127.0.0.1', 53072). Header: {'client_id': 'e72790fc-b95a-4b89-ad36-af70bbcf8eeb', 'packet_id': '257fe2e1-9530-4807-b1af-76706780b668', 'is_com_setup': 'False', 'timestamp': '2025-06-11 12:17:09.604092+00:00', 'compressions': 'false'} Body: {"data": "12234"}

[I]2025-06-11T14:18:59Z: Request to /PTS by ('127.0.0.1', 55386). Header: {'client_id': '3e4945a8-bf81-426d-b81e-886095245c42', 'packet_id': 'a0ad78d2-0f29-4f16-a4f4-9ff15e76b2db', 'is_com_setup': 'False', 'timestamp': '2025-06-11 12:18:57.326890+00:00', 'compressions': 'false'} Body: {"data": "12234"}

[I]2025-06-11T14:19:00Z: Request to /PTS by ('127.0.0.1', 55478). Header: {'client_id': '3e4945a8-bf81-426d-b81e-886095245c42', 'packet_id': 'c7431b88-1c45-494f-9990-73b7b66b1d72', 'is_com_setup': 'False', 'timestamp': '2025-06-11 12:18:59.193686+00:00', 'compressions': 'false'} Body: {"data": "12234"}

[I]2025-06-11T14:19:02Z: Request to /PTS by ('127.0.0.1', 55571). Header: {'client_id': '3e4945a8-bf81-426d-b81e-886095245c42', 'packet_id': 'ab7122c4-461d-4532-ac2d-6ca28fd1bc7b', 'is_com_setup': 'False', 'timestamp': '2025-06-11 12:19:01.062720+00:00', 'compressions': 'false'} Body: {"data": "12234"}

[I]2025-06-11T14:19:04Z: Request to /PTS by ('127.0.0.1', 55662). Header: {'client_id': '3e4945a8-bf81-426d-b81e-886095245c42', 'packet_id': '468d9c11-c5f7-4e9f-ba8d-f6150573719c', 'is_com_setup': 'False', 'timestamp': '2025-06-11 12:19:02.885169+00:00', 'compressions': 'false'} Body: {"data": "12234"}

[I]2025-06-11T14:19:06Z: Request to /PTS by ('127.0.0.1', 55755). Header: {'client_id': '3e4945a8-bf81-426d-b81e-886095245c42', 'packet_id': '9732a317-c0ac-4a15-b675-c020ba8ea22d', 'is_com_setup': 'False', 'timestamp': '2025-06-11 12:19:04.716675+00:00', 'compressions': 'false'} Body: {"data": "12234"}

[I]2025-06-11T14:19:08Z: Request to /PTS by ('127.0.0.1', 55847). Header: {'client_id': '3e4945a8-bf81-426d-b81e-886095245c42', 'packet_id': '867e525d-62d7-4628-bfad-8ab4eaa401bc', 'is_com_setup': 'False', 'timestamp': '2025-06-11 12:19:06.543723+00:00', 'compressions': 'false'} Body: {"data": "12234"}

[I]2025-06-11T14:19:10Z: Request to /PTS by ('127.0.0.1', 55938). Header: {'client_id': '3e4945a8-bf81-426d-b81e-886095245c42', 'packet_id': 'a5e29a1d-f5ff-48c3-ac3d-5248309543fc', 'is_com_setup': 'False', 'timestamp': '2025-06-11 12:19:08.393191+00:00', 'compressions': 'false'} Body: {"data": "12234"}

[I]2025-06-11T14:19:11Z: Request to /PTS by ('127.0.0.1', 56030). Header: {'client_id': '3e4945a8-bf81-426d-b81e-886095245c42', 'packet_id': '964a82a7-940b-4e8c-9ea3-32f940f81c27', 'is_com_setup': 'False', 'timestamp': '2025-06-11 12:19:10.243139+00:00', 'compressions': 'false'} Body: {"data": "12234"}

[I]2025-06-11T14:19:13Z: Request to /PTS by ('127.0.0.1', 56122). Header: {'client_id': '3e4945a8-bf81-426d-b81e-886095245c42', 'packet_id': '5578a377-64e8-4345-96b2-7d1250230e67', 'is_com_setup': 'False', 'timestamp': '2025-06-11 12:19:12.097068+00:00', 'compressions': 'false'} Body: {"data": "12234"}

[I]2025-06-11T14:19:15Z: Request to /PTS by ('127.0.0.1', 56215). Header: {'client_id': '3e4945a8-bf81-426d-b81e-886095245c42', 'packet_id': 'db0b3a91-ee32-40c6-a65d-35cbc2bdc4e5', 'is_com_setup': 'False', 'timestamp': '2025-06-11 12:19:13.914625+00:00', 'compressions': 'false'} Body: {"data": "12234"}

[I]2025-06-11T14:19:52Z: Request to /PTS by ('127.0.0.1', 58558). Header: {'client_id': '6ee8289b-5d70-4281-8aae-60385cce136d', 'packet_id': 'bb55286f-7bdd-4320-9ab3-73ce37a6a6ca', 'is_com_setup': 'False', 'timestamp': '2025-06-11 12:19:50.793903+00:00', 'compressions': 'false'} Body: {"data": "12234"}

[I]2025-06-11T14:19:54Z: Request to /PTS by ('127.0.0.1', 58650). Header: {'client_id': '6ee8289b-5d70-4281-8aae-60385cce136d', 'packet_id': '91db0645-4bfb-460d-83d3-ee1bd812312f', 'is_com_setup': 'False', 'timestamp': '2025-06-11 12:19:52.628864+00:00', 'compressions': 'false'} Body: {"data": "12234"}

[I]2025-06-11T14:19:56Z: Request to /PTS by ('127.0.0.1', 58741). Header: {'client_id': '6ee8289b-5d70-4281-8aae-60385cce136d', 'packet_id': '9243bc00-df39-4569-a401-50824ced3a09', 'is_com_setup': 'False', 'timestamp': '2025-06-11 12:19:54.485240+00:00', 'compressions': 'false'} Body: {"data": "12234"}

[I]2025-06-11T14:19:58Z: Request to /PTS by ('127.0.0.1', 58833). Header: {'client_id': '6ee8289b-5d70-4281-8aae-60385cce136d', 'packet_id': '05814745-ad5a-4361-9d38-219da123d5a5', 'is_com_setup': 'False', 'timestamp': '2025-06-11 12:19:56.327074+00:00', 'compressions': 'false'} Body: {"data": "12234"}

[I]2025-06-11T14:19:59Z: Request to /PTS by ('127.0.0.1', 58925). Header: {'client_id': '6ee8289b-5d70-4281-8aae-60385cce136d', 'packet_id': '51d027ac-1712-4b90-903b-1ca07a13e4f9', 'is_com_setup': 'False', 'timestamp': '2025-06-11 12:19:58.149088+00:00', 'compressions': 'false'} Body: {"data": "12234"}

[I]2025-06-11T14:20:01Z: Request to /PTS by ('127.0.0.1', 59017). Header: {'client_id': '6ee8289b-5d70-4281-8aae-60385cce136d', 'packet_id': '6233e74b-5f9f-4c49-8993-db69b4895902', 'is_com_setup': 'False', 'timestamp': '2025-06-11 12:19:59.992443+00:00', 'compressions': 'false'} Body: {"data": "12234"}

[I]2025-06-11T14:20:03Z: Request to /PTS by ('127.0.0.1', 59110). Header: {'client_id': '6ee8289b-5d70-4281-8aae-60385cce136d', 'packet_id': 'd2df05e5-5b4a-41ff-acf6-4974f8982e5d', 'is_com_setup': 'False', 'timestamp': '2025-06-11 12:20:01.862892+00:00', 'compressions': 'false'} Body: {"data": "12234"}

[I]2025-06-11T14:20:05Z: Request to /PTS by ('127.0.0.1', 59203). Header: {'client_id': '6ee8289b-5d70-4281-8aae-60385cce136d', 'packet_id': '27466fbd-f8f4-4b66-9de5-e314d699de75', 'is_com_setup': 'False', 'timestamp': '2025-06-11 12:20:03.683494+00:00', 'compressions': 'false'} Body: {"data": "12234"}

[I]2025-06-11T14:20:07Z: Request to /PTS by ('127.0.0.1', 59296). Header: {'client_id': '6ee8289b-5d70-4281-8aae-60385cce136d', 'packet_id': 'da08f337-3923-4fb9-b680-85f5bcc756aa', 'is_com_setup': 'False', 'timestamp': '2025-06-11 12:20:05.532090+00:00', 'compressions': 'false'} Body: {"data": "12234"}

[I]2025-06-11T14:20:09Z: Request to /PTS by ('127.0.0.1', 59387). Header: {'client_id': '6ee8289b-5d70-4281-8aae-60385cce136d', 'packet_id': '87ee73e5-bcac-49da-874d-71da24f3af04', 'is_com_setup': 'False', 'timestamp': '2025-06-11 12:20:07.352650+00:00', 'compressions': 'false'} Body: {"data": "12234"}

[I]2025-06-11T14:24:45Z: Request to /PTS by ('127.0.0.1', 62088). Header: {'client_id': 'd7351bc1-f094-4388-b80e-fd4915990438', 'packet_id': '311da232-3202-479a-b018-396bdbb5de31', 'is_com_setup': 'False', 'timestamp': '2025-06-11 12:24:43.372625+00:00', 'compressions': 'false'} Body: {"data": "12234"}

[I]2025-06-11T14:24:47Z: Request to /PTS by ('127.0.0.1', 62126). Header: {'client_id': 'd7351bc1-f094-4388-b80e-fd4915990438', 'packet_id': '09a6fe68-d3f0-4680-bcee-8cf46707ef91', 'is_com_setup': 'False', 'timestamp': '2025-06-11 12:24:45.298394+00:00', 'compressions': 'false'} Body: {"data": "12234"}

[I]2025-06-11T14:24:49Z: Request to /PTS by ('127.0.0.1', 62163). Header: {'client_id': 'd7351bc1-f094-4388-b80e-fd4915990438', 'packet_id': '2d463dd9-f47a-4c40-9922-8a5c12b0653b', 'is_com_setup': 'False', 'timestamp': '2025-06-11 12:24:47.214372+00:00', 'compressions': 'false'} Body: {"data": "12234"}

[I]2025-06-11T14:24:50Z: Request to /PTS by ('127.0.0.1', 62200). Header: {'client_id': 'd7351bc1-f094-4388-b80e-fd4915990438', 'packet_id': '65058b29-8697-42f6-9209-63f83a711bdb', 'is_com_setup': 'False', 'timestamp': '2025-06-11 12:24:49.142709+00:00', 'compressions': 'false'} Body: {"data": "12234"}

[I]2025-06-11T14:24:52Z: Request to /PTS by ('127.0.0.1', 62237). Header: {'client_id': 'd7351bc1-f094-4388-b80e-fd4915990438', 'packet_id': '0121fe75-605f-481a-876a-00111f9ef39f', 'is_com_setup': 'False', 'timestamp': '2025-06-11 12:24:51.049424+00:00', 'compressions': 'false'} Body: {"data": "12234"}

[I]2025-06-11T14:24:54Z: Request to /PTS by ('127.0.0.1', 62274). Header: {'client_id': 'd7351bc1-f094-4388-b80e-fd4915990438', 'packet_id': '3ab0ffcf-15c6-4484-89a3-e492d4efd0b8', 'is_com_setup': 'False', 'timestamp': '2025-06-11 12:24:52.946730+00:00', 'compressions': 'false'} Body: {"data": "12234"}

[I]2025-06-11T14:24:56Z: Request to /PTS by ('127.0.0.1', 62311). Header: {'client_id': 'd7351bc1-f094-4388-b80e-fd4915990438', 'packet_id': '2811be06-1400-42fe-bc35-73d1071673ff', 'is_com_setup': 'False', 'timestamp': '2025-06-11 12:24:54.876923+00:00', 'compressions': 'false'} Body: {"data": "12234"}

[I]2025-06-11T14:24:58Z: Request to /PTS by ('127.0.0.1', 62348). Header: {'client_id': 'd7351bc1-f094-4388-b80e-fd4915990438', 'packet_id': 'b6a3ba8c-c676-490e-a88e-70e3ba8fd5ea', 'is_com_setup': 'False', 'timestamp': '2025-06-11 12:24:56.804588+00:00', 'compressions': 'false'} Body: {"data": "12234"}

[I]2025-06-11T14:25:00Z: Request to /PTS by ('127.0.0.1', 62385). Header: {'client_id': 'd7351bc1-f094-4388-b80e-fd4915990438', 'packet_id': 'cfd3cf01-baac-4ef1-bc89-c27357a2b7a6', 'is_com_setup': 'False', 'timestamp': '2025-06-11 12:24:58.730175+00:00', 'compressions': 'false'} Body: {"data": "12234"}

[I]2025-06-11T14:25:02Z: Request to /PTS by ('127.0.0.1', 62422). Header: {'client_id': 'd7351bc1-f094-4388-b80e-fd4915990438', 'packet_id': '10428a29-306c-490d-8bba-d6a1d403a6fc', 'is_com_setup': 'False', 'timestamp': '2025-06-11 12:25:00.645016+00:00', 'compressions': 'false'} Body: {"data": "12234"}

[I]2025-06-11T14:25:35Z: Internal server error: 'NoneType' object has no attribute 'splitlines'
Traceback (most recent call last):
  File "C:\Users\Awesome Kuhn Family\Documents\Tristan\httpe\edoi\httpe_server.py", line 346, in _handle_client
    lines = text.splitlines()
AttributeError: 'NoneType' object has no attribute 'splitlines'
[I]2025-06-11T14:25:37Z: Internal server error: 'NoneType' object has no attribute 'splitlines'
Traceback (most recent call last):
  File "C:\Users\Awesome Kuhn Family\Documents\Tristan\httpe\edoi\httpe_server.py", line 346, in _handle_client
    lines = text.splitlines()
AttributeError: 'NoneType' object has no attribute 'splitlines'
[I]2025-06-11T14:25:38Z: Internal server error: 'NoneType' object has no attribute 'splitlines'
Traceback (most recent call last):
  File "C:\Users\Awesome Kuhn Family\Documents\Tristan\httpe\edoi\httpe_server.py", line 346, in _handle_client
    lines = text.splitlines()
AttributeError: 'NoneType' object has no attribute 'splitlines'
[I]2025-06-11T14:25:40Z: Internal server error: 'NoneType' object has no attribute 'splitlines'
Traceback (most recent call last):
  File "C:\Users\Awesome Kuhn Family\Documents\Tristan\httpe\edoi\httpe_server.py", line 346, in _handle_client
    lines = text.splitlines()
AttributeError: 'NoneType' object has no attribute 'splitlines'
[I]2025-06-11T14:25:41Z: Internal server error: 'NoneType' object has no attribute 'splitlines'
Traceback (most recent call last):
  File "C:\Users\Awesome Kuhn Family\Documents\Tristan\httpe\edoi\httpe_server.py", line 346, in _handle_client
    lines = text.splitlines()
AttributeError: 'NoneType' object has no attribute 'splitlines'
[I]2025-06-11T14:25:45Z: Internal server error: 'NoneType' object has no attribute 'splitlines'
Traceback (most recent call last):
  File "C:\Users\Awesome Kuhn Family\Documents\Tristan\httpe\edoi\httpe_server.py", line 346, in _handle_client
    lines = text.splitlines()
AttributeError: 'NoneType' object has no attribute 'splitlines'
[I]2025-06-11T14:25:47Z: Internal server error: 'NoneType' object has no attribute 'splitlines'
Traceback (most recent call last):
  File "C:\Users\Awesome Kuhn Family\Documents\Tristan\httpe\edoi\httpe_server.py", line 346, in _handle_client
    lines = text.splitlines()
AttributeError: 'NoneType' object has no attribute 'splitlines'
